2020-09-01T11:15:30.4008473-03:00;VSTestExecutionThread;Info;SpecFlow+Runner execution started
2020-09-01T11:15:30.4010597-03:00;VSTestExecutionThread;Info;SpecFlow+Runner 3.3.41 in Framework netcore31 in x64 mode execution started
2020-09-01T11:15:30.4010676-03:00;VSTestExecutionThread;Info;TestAdapter Location: D:\prj\dimas\api-test\bin\Debug\netcoreapp3.1\TechTalk.SpecRun.VisualStudio.TestAdapter.dll
2020-09-01T11:15:30.4033697-03:00;VSTestExecutionThread;Info;Current UserName: 'euclides.okamoto', MachineName: 'TI0637'
2020-09-01T11:15:30.4371816-03:00;VSTestExecutionThread;Info;SpecRun: running tests in D:\prj\dimas\api-test\bin\Debug\netcoreapp3.1\api-test.dll
2020-09-01T11:15:30.4374143-03:00;VSTestExecutionThread;Info;Output folder configured to "D:\prj\dimas\TestResults" (default)
2020-09-01T11:15:30.4374811-03:00;VSTestExecutionThread;Info;Profile: 
2020-09-01T11:15:30.4870207-03:00;VSTestExecutionThread;Info;Log file path: D:\prj\dimas\TestResults\Unnamed project__2020-09-01T111530.log
2020-09-01T11:15:30.4915340-03:00;Thread#12;Info;Checking activation
2020-09-01T11:15:30.5884200-03:00;Thread#12;Info;Activated.
2020-09-01T11:15:30.5886672-03:00;Thread#12;Info;Activation check completed
2020-09-01T11:15:30.5887314-03:00;Thread#12;Info;Starting test run
2020-09-01T11:15:30.6858518-03:00;Thread#12;Info;Discovering target: Default
2020-09-01T11:15:30.6861798-03:00;Thread#12;Info;Discovering tests from assembly: D:\prj\dimas\api-test\bin\Debug\netcoreapp3.1\api-test.dll
2020-09-01T11:15:30.7953733-03:00;Thread#12;Info;Discovered tests from assembly: D:\prj\dimas\api-test\bin\Debug\netcoreapp3.1\api-test.dll
2020-09-01T11:15:30.7969343-03:00:Test Suite Dump
2020-09-01T11:15:30.8005603-03:00:#0: Unnamed project/ - 
2020-09-01T11:15:30.8005888-03:00:#1: Default - 
2020-09-01T11:15:30.8005914-03:00:#2: api-test - 
2020-09-01T11:15:30.8005933-03:00:#3: Autenticação de Usuário - 
2020-09-01T11:15:30.8022541-03:00:#5: Autentica Usuário correto e Senha incorreta - TestAssembly:api-test/Feature:Autentica%c3%a7%c3%a3o+de+Usu%c3%a1rio/Scenario:Autentica+Usu%c3%a1rio+correto+e+Senha+incorreta
2020-09-01T11:15:30.8023402-03:00:End: Test Suite Dump
2020-09-01T11:15:30.8221619-03:00:Thread#0:Scheduler: get next test for thread 0
2020-09-01T11:15:30.8240702-03:00:Thread#:Scheduler: testitem #5 from normal test queue 
2020-09-01T11:15:30.8241425-03:00:Thread#0:Scheduler: considering testitem #5 for thread 0
2020-09-01T11:15:30.8275292-03:00:Thread#0:TestItem#5:testItemMatchesCurrentTestThread:UnSpecific
2020-09-01T11:15:30.8275478-03:00:Thread#0:TestItem#5:runsOnOneOtherThreadSpecific:False
2020-09-01T11:15:30.8275500-03:00:Thread#0:TestItem#5:runsOnOneOtherThreadUnspecific:False
2020-09-01T11:15:30.8275531-03:00:Thread#0:Scheduler: using testitem #5 for thread 0
2020-09-01T11:15:30.8282658-03:00:Thread#0:Scheduler: Test #5 is scheduled for thread
2020-09-01T11:15:30.8295522-03:00:Thread#0:Scheduler: with testItemExecutionIndex 0
2020-09-01T11:15:30.8333258-03:00:Thread #0: creating new test thread executor for api-test, Version=1.0.0.0, Culture=neutral, PublicKeyToken=null (target: Default)
2020-09-01T11:15:30.8367897-03:00:Thread #0: Creating test assembly executor for execution model OutProc
2020-09-01T11:15:30.8370530-03:00:Thread #0: Creating test assembly executor for execution model OutProc
2020-09-01T11:15:30.8391222-03:00:Thread #0: using TechTalk.SpecRun.Framework.Execution.OutOfProc.StreamJsonRPC.OutOfProcessTestAssemblyExecutorHost to execute tests
2020-09-01T11:15:30.8407782-03:00:starting Out Of Process Executor
2020-09-01T11:15:30.8419852-03:00:Assembly resolving Microsoft.VisualStudio.Validation, Version=15.3.0.0, Culture=neutral, PublicKeyToken=b03f5f7f11d50a3a
2020-09-01T11:15:30.8447465-03:00:[AssemblyCache] Trying to resolve 'Microsoft.VisualStudio.Validation' from .deps.json file
2020-09-01T11:15:30.8447621-03:00:[AssemblyCache] Could not resolve 'Microsoft.VisualStudio.Validation' from .deps.json
2020-09-01T11:15:30.8458724-03:00:[AssemblyCache] Trying to resolve 'Microsoft.VisualStudio.Validation' in folder 'D:\prj\dimas\api-test\bin\Debug\netcoreapp3.1'
2020-09-01T11:15:30.8461777-03:00:[AssemblyCache] Trying to resolve 'Microsoft.VisualStudio.Validation' to 'D:\prj\dimas\api-test\bin\Debug\netcoreapp3.1\Microsoft.VisualStudio.Validation.dll'
2020-09-01T11:15:30.8462471-03:00:[AssemblyCache] Trying to resolve 'Microsoft.VisualStudio.Validation' to 'D:\prj\dimas\api-test\bin\Debug\netcoreapp3.1\Microsoft.VisualStudio.Validation.exe'
2020-09-01T11:15:30.8462670-03:00:[AssemblyCache] Could not resolve 'Microsoft.VisualStudio.Validation' in folder 'D:\prj\dimas\api-test\bin\Debug\netcoreapp3.1'
2020-09-01T11:15:30.8563624-03:00:[AssemblyCache] Trying to resolve 'Microsoft.VisualStudio.Validation' in folder 'C:\Program Files\dotnet\shared\Microsoft.AspNetCore.App\3.1.5'
2020-09-01T11:15:30.8563795-03:00:[AssemblyCache] Trying to resolve 'Microsoft.VisualStudio.Validation' to 'C:\Program Files\dotnet\shared\Microsoft.AspNetCore.App\3.1.5\Microsoft.VisualStudio.Validation.dll'
2020-09-01T11:15:30.8564460-03:00:[AssemblyCache] Trying to resolve 'Microsoft.VisualStudio.Validation' to 'C:\Program Files\dotnet\shared\Microsoft.AspNetCore.App\3.1.5\Microsoft.VisualStudio.Validation.exe'
2020-09-01T11:15:30.8564861-03:00:[AssemblyCache] Could not resolve 'Microsoft.VisualStudio.Validation' in folder 'C:\Program Files\dotnet\shared\Microsoft.AspNetCore.App\3.1.5'
2020-09-01T11:15:30.8566717-03:00:[AssemblyCache] Trying to resolve 'Microsoft.VisualStudio.Validation' in folder 'C:\Program Files\dotnet\shared\Microsoft.NETCore.App\3.1.5'
2020-09-01T11:15:30.8566796-03:00:[AssemblyCache] Trying to resolve 'Microsoft.VisualStudio.Validation' to 'C:\Program Files\dotnet\shared\Microsoft.NETCore.App\3.1.5\Microsoft.VisualStudio.Validation.dll'
2020-09-01T11:15:30.8567327-03:00:[AssemblyCache] Trying to resolve 'Microsoft.VisualStudio.Validation' to 'C:\Program Files\dotnet\shared\Microsoft.NETCore.App\3.1.5\Microsoft.VisualStudio.Validation.exe'
2020-09-01T11:15:30.8567693-03:00:[AssemblyCache] Could not resolve 'Microsoft.VisualStudio.Validation' in folder 'C:\Program Files\dotnet\shared\Microsoft.NETCore.App\3.1.5'
2020-09-01T11:15:30.8569484-03:00:[AssemblyCache] Trying to resolve 'Microsoft.VisualStudio.Validation' in folder 'C:\Program Files\dotnet\shared\Microsoft.WindowsDesktop.App\3.1.5'
2020-09-01T11:15:30.8569566-03:00:[AssemblyCache] Trying to resolve 'Microsoft.VisualStudio.Validation' to 'C:\Program Files\dotnet\shared\Microsoft.WindowsDesktop.App\3.1.5\Microsoft.VisualStudio.Validation.dll'
2020-09-01T11:15:30.8570122-03:00:[AssemblyCache] Trying to resolve 'Microsoft.VisualStudio.Validation' to 'C:\Program Files\dotnet\shared\Microsoft.WindowsDesktop.App\3.1.5\Microsoft.VisualStudio.Validation.exe'
2020-09-01T11:15:30.8570614-03:00:[AssemblyCache] Could not resolve 'Microsoft.VisualStudio.Validation' in folder 'C:\Program Files\dotnet\shared\Microsoft.WindowsDesktop.App\3.1.5'
2020-09-01T11:15:30.8589829-03:00:Starting callback TCP Rpc server
2020-09-01T11:15:30.8785854-03:00:Asynchronously starting background TCP Rpc Server on port 32768
2020-09-01T11:15:30.8786284-03:00:Started callback TCP Rpc server on port 32768
2020-09-01T11:15:30.8786308-03:00:Starting logger TCP Rpc server
2020-09-01T11:15:30.8827892-03:00:Asynchronously starting background TCP Rpc Server on port 32769
2020-09-01T11:15:30.8831715-03:00:Started logger TCP Rpc server on port 32769
2020-09-01T11:15:30.9775383-03:00:Executing test executor at 'dotnet' 'exec "D:\prj\dimas\api-test\bin\Debug\netcoreapp3.1\SpecFlowPlusRunner\netcoreapp3.1\TechTalk.SpecRun.Framework.Executor.anycpu.netcoreapp3_1.dll" --remoteRunnerPid 22748 --uniqueId "2020-09-01T111530" --outputFolder "D:\prj\dimas\TestResults" --callbackPort 32768 --loggerPort 32769' in 'D:\prj\dimas\api-test\bin\Debug\netcoreapp3.1'
2020-09-01T11:15:30.9880143-03:00:Executor with PID 34936 has been started successfully.
2020-09-01T11:15:30.9916869-03:00:Out of Process Executor 34936 started
2020-09-01T11:15:30.9917041-03:00:Waiting for endpoint
2020-09-01T11:15:31.3266238-03:00:Assembly resolving StreamJsonRpc.resources, Version=1.4.0.0, Culture=pt-BR, PublicKeyToken=b03f5f7f11d50a3a
2020-09-01T11:15:31.3267035-03:00:[AssemblyCache] Trying to resolve 'StreamJsonRpc.resources' from .deps.json file
2020-09-01T11:15:31.3267103-03:00:[AssemblyCache] Could not resolve 'StreamJsonRpc.resources' from .deps.json
2020-09-01T11:15:31.3267199-03:00:[AssemblyCache] Trying to resolve 'StreamJsonRpc.resources' in folder 'D:\prj\dimas\api-test\bin\Debug\netcoreapp3.1'
2020-09-01T11:15:31.3267219-03:00:[AssemblyCache] Trying to resolve 'StreamJsonRpc.resources' to 'D:\prj\dimas\api-test\bin\Debug\netcoreapp3.1\StreamJsonRpc.resources.dll'
2020-09-01T11:15:31.3267612-03:00:[AssemblyCache] Trying to resolve 'StreamJsonRpc.resources' to 'D:\prj\dimas\api-test\bin\Debug\netcoreapp3.1\StreamJsonRpc.resources.exe'
2020-09-01T11:15:31.3267874-03:00:[AssemblyCache] Could not resolve 'StreamJsonRpc.resources' in folder 'D:\prj\dimas\api-test\bin\Debug\netcoreapp3.1'
2020-09-01T11:15:31.3277314-03:00:[AssemblyCache] Trying to resolve 'StreamJsonRpc.resources' in folder 'C:\Program Files\dotnet\shared\Microsoft.AspNetCore.App\3.1.5'
2020-09-01T11:15:31.3277412-03:00:[AssemblyCache] Trying to resolve 'StreamJsonRpc.resources' to 'C:\Program Files\dotnet\shared\Microsoft.AspNetCore.App\3.1.5\StreamJsonRpc.resources.dll'
2020-09-01T11:15:31.3277915-03:00:[AssemblyCache] Trying to resolve 'StreamJsonRpc.resources' to 'C:\Program Files\dotnet\shared\Microsoft.AspNetCore.App\3.1.5\StreamJsonRpc.resources.exe'
2020-09-01T11:15:31.3278282-03:00:[AssemblyCache] Could not resolve 'StreamJsonRpc.resources' in folder 'C:\Program Files\dotnet\shared\Microsoft.AspNetCore.App\3.1.5'
2020-09-01T11:15:31.3279851-03:00:[AssemblyCache] Trying to resolve 'StreamJsonRpc.resources' in folder 'C:\Program Files\dotnet\shared\Microsoft.NETCore.App\3.1.5'
2020-09-01T11:15:31.3279922-03:00:[AssemblyCache] Trying to resolve 'StreamJsonRpc.resources' to 'C:\Program Files\dotnet\shared\Microsoft.NETCore.App\3.1.5\StreamJsonRpc.resources.dll'
2020-09-01T11:15:31.3280332-03:00:[AssemblyCache] Trying to resolve 'StreamJsonRpc.resources' to 'C:\Program Files\dotnet\shared\Microsoft.NETCore.App\3.1.5\StreamJsonRpc.resources.exe'
2020-09-01T11:15:31.3280656-03:00:[AssemblyCache] Could not resolve 'StreamJsonRpc.resources' in folder 'C:\Program Files\dotnet\shared\Microsoft.NETCore.App\3.1.5'
2020-09-01T11:15:31.3282343-03:00:[AssemblyCache] Trying to resolve 'StreamJsonRpc.resources' in folder 'C:\Program Files\dotnet\shared\Microsoft.WindowsDesktop.App\3.1.5'
2020-09-01T11:15:31.3282413-03:00:[AssemblyCache] Trying to resolve 'StreamJsonRpc.resources' to 'C:\Program Files\dotnet\shared\Microsoft.WindowsDesktop.App\3.1.5\StreamJsonRpc.resources.dll'
2020-09-01T11:15:31.3283035-03:00:[AssemblyCache] Trying to resolve 'StreamJsonRpc.resources' to 'C:\Program Files\dotnet\shared\Microsoft.WindowsDesktop.App\3.1.5\StreamJsonRpc.resources.exe'
2020-09-01T11:15:31.3283373-03:00:[AssemblyCache] Could not resolve 'StreamJsonRpc.resources' in folder 'C:\Program Files\dotnet\shared\Microsoft.WindowsDesktop.App\3.1.5'
2020-09-01T11:15:31.3289044-03:00:Assembly resolving StreamJsonRpc.resources, Version=1.4.0.0, Culture=pt, PublicKeyToken=b03f5f7f11d50a3a
2020-09-01T11:15:31.3295103-03:00:Assembly resolving Microsoft.VisualStudio.Threading, Version=15.3.0.0, Culture=neutral, PublicKeyToken=b03f5f7f11d50a3a
2020-09-01T11:15:31.3295195-03:00:[AssemblyCache] Trying to resolve 'Microsoft.VisualStudio.Threading' from .deps.json file
2020-09-01T11:15:31.3295218-03:00:[AssemblyCache] Could not resolve 'Microsoft.VisualStudio.Threading' from .deps.json
2020-09-01T11:15:31.3295242-03:00:[AssemblyCache] Trying to resolve 'Microsoft.VisualStudio.Threading' in folder 'D:\prj\dimas\api-test\bin\Debug\netcoreapp3.1'
2020-09-01T11:15:31.3295357-03:00:[AssemblyCache] Trying to resolve 'Microsoft.VisualStudio.Threading' to 'D:\prj\dimas\api-test\bin\Debug\netcoreapp3.1\Microsoft.VisualStudio.Threading.dll'
2020-09-01T11:15:31.3295517-03:00:[AssemblyCache] Trying to resolve 'Microsoft.VisualStudio.Threading' to 'D:\prj\dimas\api-test\bin\Debug\netcoreapp3.1\Microsoft.VisualStudio.Threading.exe'
2020-09-01T11:15:31.3295644-03:00:[AssemblyCache] Could not resolve 'Microsoft.VisualStudio.Threading' in folder 'D:\prj\dimas\api-test\bin\Debug\netcoreapp3.1'
2020-09-01T11:15:31.3301345-03:00:[AssemblyCache] Trying to resolve 'Microsoft.VisualStudio.Threading' in folder 'C:\Program Files\dotnet\shared\Microsoft.AspNetCore.App\3.1.5'
2020-09-01T11:15:31.3301443-03:00:[AssemblyCache] Trying to resolve 'Microsoft.VisualStudio.Threading' to 'C:\Program Files\dotnet\shared\Microsoft.AspNetCore.App\3.1.5\Microsoft.VisualStudio.Threading.dll'
2020-09-01T11:15:31.3301898-03:00:[AssemblyCache] Trying to resolve 'Microsoft.VisualStudio.Threading' to 'C:\Program Files\dotnet\shared\Microsoft.AspNetCore.App\3.1.5\Microsoft.VisualStudio.Threading.exe'
2020-09-01T11:15:31.3302272-03:00:[AssemblyCache] Could not resolve 'Microsoft.VisualStudio.Threading' in folder 'C:\Program Files\dotnet\shared\Microsoft.AspNetCore.App\3.1.5'
2020-09-01T11:15:31.3303814-03:00:[AssemblyCache] Trying to resolve 'Microsoft.VisualStudio.Threading' in folder 'C:\Program Files\dotnet\shared\Microsoft.NETCore.App\3.1.5'
2020-09-01T11:15:31.3303884-03:00:[AssemblyCache] Trying to resolve 'Microsoft.VisualStudio.Threading' to 'C:\Program Files\dotnet\shared\Microsoft.NETCore.App\3.1.5\Microsoft.VisualStudio.Threading.dll'
2020-09-01T11:15:31.3304298-03:00:[AssemblyCache] Trying to resolve 'Microsoft.VisualStudio.Threading' to 'C:\Program Files\dotnet\shared\Microsoft.NETCore.App\3.1.5\Microsoft.VisualStudio.Threading.exe'
2020-09-01T11:15:31.3304744-03:00:[AssemblyCache] Could not resolve 'Microsoft.VisualStudio.Threading' in folder 'C:\Program Files\dotnet\shared\Microsoft.NETCore.App\3.1.5'
2020-09-01T11:15:31.3306766-03:00:[AssemblyCache] Trying to resolve 'Microsoft.VisualStudio.Threading' in folder 'C:\Program Files\dotnet\shared\Microsoft.WindowsDesktop.App\3.1.5'
2020-09-01T11:15:31.3306891-03:00:[AssemblyCache] Trying to resolve 'Microsoft.VisualStudio.Threading' to 'C:\Program Files\dotnet\shared\Microsoft.WindowsDesktop.App\3.1.5\Microsoft.VisualStudio.Threading.dll'
2020-09-01T11:15:31.3307776-03:00:[AssemblyCache] Trying to resolve 'Microsoft.VisualStudio.Threading' to 'C:\Program Files\dotnet\shared\Microsoft.WindowsDesktop.App\3.1.5\Microsoft.VisualStudio.Threading.exe'
2020-09-01T11:15:31.3308737-03:00:[AssemblyCache] Could not resolve 'Microsoft.VisualStudio.Threading' in folder 'C:\Program Files\dotnet\shared\Microsoft.WindowsDesktop.App\3.1.5'
2020-09-01T11:15:31.5848187-03:00:Remote executor port received: 32770
2020-09-01T11:15:31.5854833-03:00:Creating executor TCP client on port 32770
2020-09-01T11:15:31.5859814-03:00:Created executor TCP client on port 32770
2020-09-01T11:15:31.5859895-03:00:Connecting to remote executor TCP server
2020-09-01T11:15:31.5868322-03:00:Connected remote executor TCP server
2020-09-01T11:15:31.5870434-03:00:trying to connect to Out of Process Executor the 1 attempt
2020-09-01T11:15:31.5870531-03:00:Connection to Out of Process Executor established in the 1 attempt
2020-09-01T11:15:31.7401666-03:00:2020-09-01T11:15:31.7391331-03:00:OutOfProcessTestAssemblyExecutor: initialized for D:\prj\dimas\api-test\bin\Debug\netcoreapp3.1\api-test.dll on test thread #0
2020-09-01T11:15:31.7449544-03:00:Endpoint 34936 started
2020-09-01T11:15:31.7679865-03:00:2020-09-01T11:15:31.7648333-03:00:OutOfProcessTestAssemblyExecutor: running tests...
2020-09-01T11:15:31.8932231-03:00:2020-09-01T11:15:31.8927980-03:00:Assembly resolving TechTalk.SpecFlow, Version=3.3.0.0, Culture=neutral, PublicKeyToken=0778194805d6db41
2020-09-01T11:15:31.8960350-03:00:2020-09-01T11:15:31.8957209-03:00:[AssemblyCache] Trying to resolve 'TechTalk.SpecFlow' from .deps.json file
2020-09-01T11:15:31.9011317-03:00:2020-09-01T11:15:31.9005873-03:00:[AssemblyCache] Resolved 'TechTalk.SpecFlow' to 'C:\Users\euclides.okamoto\.nuget\packages\specflow\3.3.30\lib\netstandard2.0\TechTalk.SpecFlow.dll'
2020-09-01T11:15:32.0209993-03:00:2020-09-01T11:15:32.0197702-03:00:Thread#0:T:-> Loading plugin D:\prj\dimas\api-test\bin\Debug\netcoreapp3.1\SpecRun.Runtime.SpecFlowPlugin.dll
2020-09-01T11:15:32.0239252-03:00:2020-09-01T11:15:32.0228164-03:00:Assembly resolving TechTalk.SpecFlow, Version=3.3.0.0, Culture=neutral, PublicKeyToken=0778194805d6db41
2020-09-01T11:15:32.0293538-03:00:2020-09-01T11:15:32.0285187-03:00:Thread#0:T:-> Using default config
2020-09-01T11:15:32.0439778-03:00:2020-09-01T11:15:32.0427591-03:00:Assembly resolving Cucumber.Messages, Version=6.0.1.0, Culture=neutral, PublicKeyToken=b10c5988214f940c
2020-09-01T11:15:32.0453307-03:00:2020-09-01T11:15:32.0446059-03:00:[AssemblyCache] Trying to resolve 'Cucumber.Messages' from .deps.json file
2020-09-01T11:15:32.0470168-03:00:2020-09-01T11:15:32.0461469-03:00:[AssemblyCache] Resolved 'Cucumber.Messages' to 'C:\Users\euclides.okamoto\.nuget\packages\cucumber.messages\6.0.1\lib\netstandard2.0\Cucumber.Messages.dll'
2020-09-01T11:15:32.0512604-03:00:2020-09-01T11:15:32.0487033-03:00:Assembly resolving Google.Protobuf, Version=3.7.0.0, Culture=neutral, PublicKeyToken=a7d26565bac4d604
2020-09-01T11:15:32.0528125-03:00:2020-09-01T11:15:32.0520387-03:00:[AssemblyCache] Trying to resolve 'Google.Protobuf' from .deps.json file
2020-09-01T11:15:32.0540785-03:00:2020-09-01T11:15:32.0534560-03:00:[AssemblyCache] Resolved 'Google.Protobuf' to 'C:\Users\euclides.okamoto\.nuget\packages\google.protobuf\3.7.0\lib\netstandard1.0\Google.Protobuf.dll'
2020-09-01T11:15:32.0632269-03:00:2020-09-01T11:15:32.0624422-03:00:Assembly resolving Microsoft.VisualStudio.TestPlatform.ObjectModel, Version=15.0.0.0, Culture=neutral, PublicKeyToken=b03f5f7f11d50a3a
2020-09-01T11:15:32.0642595-03:00:2020-09-01T11:15:32.0637004-03:00:[AssemblyCache] Trying to resolve 'Microsoft.VisualStudio.TestPlatform.ObjectModel' from .deps.json file
2020-09-01T11:15:32.0671595-03:00:2020-09-01T11:15:32.0650589-03:00:[AssemblyCache] Resolved 'Microsoft.VisualStudio.TestPlatform.ObjectModel' to 'C:\Users\euclides.okamoto\.nuget\packages\microsoft.testplatform.objectmodel\16.5.0\lib\netstandard2.0\Microsoft.VisualStudio.TestPlatform.ObjectModel.dll'
2020-09-01T11:15:32.0860003-03:00:2020-09-01T11:15:32.0852369-03:00:Thread#0:T:-> error: The binding methods for before/after feature and before/after test run events must be static! api-test:Api.Test.Steps.AutenticacaoDeUsuarioSteps.Init()
2020-09-01T11:15:32.1182514-03:00:2020-09-01T11:15:32.1176563-03:00:OutOfProcessTestAssemblyExecutor: RunTest error: TechTalk.SpecFlow.BindingException: The binding methods for before/after feature and before/after test run events must be static! api-test:Api.Test.Steps.AutenticacaoDeUsuarioSteps.Init()
   at TechTalk.SpecFlow.ErrorHandling.ErrorProvider.GetNonStaticEventError(IBindingMethod method) in D:\a\1\s\TechTalk.SpecFlow\ErrorHandling\ErrorProvider.cs:line 128
   at TechTalk.SpecFlow.Bindings.Discovery.RuntimeBindingSourceProcessor.ValidateHook(BindingSourceMethod bindingSourceMethod, BindingSourceAttribute hookAttribute, HookType hookType) in D:\a\1\s\TechTalk.SpecFlow\Bindings\Discovery\RuntimeBindingSourceProcessor.cs:line 54
   at TechTalk.SpecFlow.Bindings.Discovery.BindingSourceProcessor.ProcessHookAttribute(BindingSourceMethod bindingSourceMethod, BindingSourceAttribute hookAttribute, BindingScope scope) in D:\a\1\s\TechTalk.SpecFlow\Bindings\Discovery\BindingSourceProcessor.cs:line 159
   at TechTalk.SpecFlow.Bindings.Discovery.BindingSourceProcessor.<>c__DisplayClass21_0.<ProcessHookAttribute>b__1(BindingScope scope) in D:\a\1\s\TechTalk.SpecFlow\Bindings\Discovery\BindingSourceProcessor.cs:line 140
   at TechTalk.SpecFlow.Bindings.Discovery.BindingSourceProcessor.ProcessHookAttribute(BindingSourceMethod bindingSourceMethod, BindingScope[] methodScopes, BindingSourceAttribute hookAttribute) in D:\a\1\s\TechTalk.SpecFlow\Bindings\Discovery\BindingSourceProcessor.cs:line 141
   at TechTalk.SpecFlow.Bindings.Discovery.BindingSourceProcessor.ProcessHooks(BindingSourceMethod bindingSourceMethod, BindingScope[] methodScopes) in D:\a\1\s\TechTalk.SpecFlow\Bindings\Discovery\BindingSourceProcessor.cs:line 112
   at TechTalk.SpecFlow.Bindings.Discovery.BindingSourceProcessor.ProcessMethod(BindingSourceMethod bindingSourceMethod) in D:\a\1\s\TechTalk.SpecFlow\Bindings\Discovery\BindingSourceProcessor.cs:line 99
   at TechTalk.SpecFlow.Bindings.Discovery.RuntimeBindingRegistryBuilder.BuildBindingsFromType(Type type) in D:\a\1\s\TechTalk.SpecFlow\Bindings\Discovery\RuntimeBindingRegistryBuilder.cs:line 49
   at TechTalk.SpecFlow.Bindings.Discovery.RuntimeBindingRegistryBuilder.BuildBindingsFromAssembly(Assembly assembly) in D:\a\1\s\TechTalk.SpecFlow\Bindings\Discovery\RuntimeBindingRegistryBuilder.cs:line 25
   at TechTalk.SpecFlow.TestRunnerManager.BuildBindingRegistry(IEnumerable`1 bindingAssemblies) in D:\a\1\s\TechTalk.SpecFlow\TestRunnerManager.cs:line 92
   at TechTalk.SpecFlow.TestRunnerManager.InitializeBindingRegistry(ITestRunner testRunner) in D:\a\1\s\TechTalk.SpecFlow\TestRunnerManager.cs:line 75
   at TechTalk.SpecFlow.TestRunnerManager.CreateTestRunner(Int32 threadId) in D:\a\1\s\TechTalk.SpecFlow\TestRunnerManager.cs:line 63
   at TechTalk.SpecFlow.TestRunnerManager.GetTestRunnerWithoutExceptionHandling(Int32 threadId) in D:\a\1\s\TechTalk.SpecFlow\TestRunnerManager.cs:line 155
   at TechTalk.SpecFlow.TestRunnerManager.GetTestRunner(Int32 threadId) in D:\a\1\s\TechTalk.SpecFlow\TestRunnerManager.cs:line 136
   at TechTalk.SpecFlow.TestRunnerManager.OnTestRunStart(Assembly testAssembly, IContainerBuilder containerBuilder) in D:\a\1\s\TechTalk.SpecFlow\TestRunnerManager.cs:line 232
   at Api_Test_SpecFlowPlusRunnerAssemblyHooks.AssemblyInitialize() in D:\prj\dimas\api-test\obj\Debug\netcoreapp3.1\SpecFlow.Plus.Runner.AssemblyHooks.cs:line 8
   at TechTalk.SpecRun.Framework.TaskExecutors.StaticOrInstanceMethodExecutor.ExecuteInternal(ITestThreadExecutionContext testThreadExecutionContext)
   at TechTalk.SpecRun.Framework.TaskExecutors.StaticOrInstanceMethodExecutor.Execute(ITestThreadExecutionContext testThreadExecutionContext)
   at TechTalk.SpecRun.Framework.TestAssemblyExecutor.RunAssemblyInitializeExecutors(ITestAssemblyExecutorsProvider testAssemblyExecutorsProvider, ITestThreadExecutionContext testThreadExecutionContext)
   at TechTalk.SpecRun.Framework.TestAssemblyExecutor.RunTests(ITestAssemblyExecutorState executorState, ITestAssemblyExecutorsProvider testAssemblyExecutorsProvider, ITestThreadExecutionContext testThreadExecutionContext)
   at TechTalk.SpecRun.Framework.TestAssemblyExecutor.RunTests(TestThreadState testThreadState)
   at TechTalk.SpecRun.Framework.Execution.InProcess.InProcAppDomainTestAssemblyExecutor.RunTests(TestThreadState testThreadState)
   at TechTalk.SpecRun.Framework.Execution.OutOfProcess.OutOfProcessTestAssemblyExecutor.RunTests(TestThreadState testThreadState)
2020-09-01T11:15:32.1190604-03:00:2020-09-01T11:15:32.1186794-03:00:OutOfProcessTestAssemblyExecutorReceiver - Error at RunTests - TechTalk.SpecFlow.BindingException: The binding methods for before/after feature and before/after test run events must be static! api-test:Api.Test.Steps.AutenticacaoDeUsuarioSteps.Init()
   at TechTalk.SpecFlow.ErrorHandling.ErrorProvider.GetNonStaticEventError(IBindingMethod method) in D:\a\1\s\TechTalk.SpecFlow\ErrorHandling\ErrorProvider.cs:line 128
   at TechTalk.SpecFlow.Bindings.Discovery.RuntimeBindingSourceProcessor.ValidateHook(BindingSourceMethod bindingSourceMethod, BindingSourceAttribute hookAttribute, HookType hookType) in D:\a\1\s\TechTalk.SpecFlow\Bindings\Discovery\RuntimeBindingSourceProcessor.cs:line 54
   at TechTalk.SpecFlow.Bindings.Discovery.BindingSourceProcessor.ProcessHookAttribute(BindingSourceMethod bindingSourceMethod, BindingSourceAttribute hookAttribute, BindingScope scope) in D:\a\1\s\TechTalk.SpecFlow\Bindings\Discovery\BindingSourceProcessor.cs:line 159
   at TechTalk.SpecFlow.Bindings.Discovery.BindingSourceProcessor.<>c__DisplayClass21_0.<ProcessHookAttribute>b__1(BindingScope scope) in D:\a\1\s\TechTalk.SpecFlow\Bindings\Discovery\BindingSourceProcessor.cs:line 140
   at TechTalk.SpecFlow.Bindings.Discovery.BindingSourceProcessor.ProcessHookAttribute(BindingSourceMethod bindingSourceMethod, BindingScope[] methodScopes, BindingSourceAttribute hookAttribute) in D:\a\1\s\TechTalk.SpecFlow\Bindings\Discovery\BindingSourceProcessor.cs:line 141
   at TechTalk.SpecFlow.Bindings.Discovery.BindingSourceProcessor.ProcessHooks(BindingSourceMethod bindingSourceMethod, BindingScope[] methodScopes) in D:\a\1\s\TechTalk.SpecFlow\Bindings\Discovery\BindingSourceProcessor.cs:line 112
   at TechTalk.SpecFlow.Bindings.Discovery.BindingSourceProcessor.ProcessMethod(BindingSourceMethod bindingSourceMethod) in D:\a\1\s\TechTalk.SpecFlow\Bindings\Discovery\BindingSourceProcessor.cs:line 99
   at TechTalk.SpecFlow.Bindings.Discovery.RuntimeBindingRegistryBuilder.BuildBindingsFromType(Type type) in D:\a\1\s\TechTalk.SpecFlow\Bindings\Discovery\RuntimeBindingRegistryBuilder.cs:line 49
   at TechTalk.SpecFlow.Bindings.Discovery.RuntimeBindingRegistryBuilder.BuildBindingsFromAssembly(Assembly assembly) in D:\a\1\s\TechTalk.SpecFlow\Bindings\Discovery\RuntimeBindingRegistryBuilder.cs:line 25
   at TechTalk.SpecFlow.TestRunnerManager.BuildBindingRegistry(IEnumerable`1 bindingAssemblies) in D:\a\1\s\TechTalk.SpecFlow\TestRunnerManager.cs:line 92
   at TechTalk.SpecFlow.TestRunnerManager.InitializeBindingRegistry(ITestRunner testRunner) in D:\a\1\s\TechTalk.SpecFlow\TestRunnerManager.cs:line 75
   at TechTalk.SpecFlow.TestRunnerManager.CreateTestRunner(Int32 threadId) in D:\a\1\s\TechTalk.SpecFlow\TestRunnerManager.cs:line 63
   at TechTalk.SpecFlow.TestRunnerManager.GetTestRunnerWithoutExceptionHandling(Int32 threadId) in D:\a\1\s\TechTalk.SpecFlow\TestRunnerManager.cs:line 155
   at TechTalk.SpecFlow.TestRunnerManager.GetTestRunner(Int32 threadId) in D:\a\1\s\TechTalk.SpecFlow\TestRunnerManager.cs:line 136
   at TechTalk.SpecFlow.TestRunnerManager.OnTestRunStart(Assembly testAssembly, IContainerBuilder containerBuilder) in D:\a\1\s\TechTalk.SpecFlow\TestRunnerManager.cs:line 232
   at Api_Test_SpecFlowPlusRunnerAssemblyHooks.AssemblyInitialize() in D:\prj\dimas\api-test\obj\Debug\netcoreapp3.1\SpecFlow.Plus.Runner.AssemblyHooks.cs:line 8
   at TechTalk.SpecRun.Framework.TaskExecutors.StaticOrInstanceMethodExecutor.ExecuteInternal(ITestThreadExecutionContext testThreadExecutionContext)
   at TechTalk.SpecRun.Framework.TaskExecutors.StaticOrInstanceMethodExecutor.Execute(ITestThreadExecutionContext testThreadExecutionContext)
   at TechTalk.SpecRun.Framework.TestAssemblyExecutor.RunAssemblyInitializeExecutors(ITestAssemblyExecutorsProvider testAssemblyExecutorsProvider, ITestThreadExecutionContext testThreadExecutionContext)
   at TechTalk.SpecRun.Framework.TestAssemblyExecutor.RunTests(ITestAssemblyExecutorState executorState, ITestAssemblyExecutorsProvider testAssemblyExecutorsProvider, ITestThreadExecutionContext testThreadExecutionContext)
   at TechTalk.SpecRun.Framework.TestAssemblyExecutor.RunTests(TestThreadState testThreadState)
   at TechTalk.SpecRun.Framework.Execution.InProcess.InProcAppDomainTestAssemblyExecutor.RunTests(TestThreadState testThreadState)
   at TechTalk.SpecRun.Framework.Execution.OutOfProcess.OutOfProcessTestAssemblyExecutor.RunTests(TestThreadState testThreadState)
   at TechTalk.SpecRun.Framework.Execution.OutOfProcess.OutOfProcessTestAssemblyExecutorReceiver.RunTests(TestThreadState testThreadState)
2020-09-01T11:15:32.1447020-03:00:test thread #0 error: StreamJsonRpc.RemoteInvocationException: The binding methods for before/after feature and before/after test run events must be static! api-test:Api.Test.Steps.AutenticacaoDeUsuarioSteps.Init()
   at StreamJsonRpc.JsonRpc.InvokeCoreAsync[TResult](Nullable`1 id, String targetName, IReadOnlyList`1 arguments, CancellationToken cancellationToken, Boolean isParameterObject)
   at TechTalk.SpecFlow.Plus.RPC.TcpRpcClient.Invoke[T](String methodName, Object[] parameters)
   at TechTalk.SpecFlow.Plus.RPC.AsyncHelper.RunSync[TResult](Func`1 func)
   at TechTalk.SpecRun.Framework.Execution.OutOfProc.StreamJsonRPC.OutOfProcessTestAssemblyExecutorClient.RunTests(TestThreadState testThreadState)
   at TechTalk.SpecRun.Framework.Execution.OutOfProc.StreamJsonRPC.RemoteExecutor.RunTests(TestThreadState testThreadState)
   at TechTalk.SpecRun.Framework.Execution.OutOfProc.StreamJsonRPC.OutOfProcessTestAssemblyExecutorHost.RunTests(TestThreadState testThreadState)
   at TechTalk.SpecRun.Framework.TestThread.RunNonEmptyTestSuite(CancellationToken cancellationToken, TestThreadState testThreadState)
   at TechTalk.SpecRun.Framework.TestThread.Run(ITestExecutionManager executionManagerForRun, CancellationToken cancellationToken)
   at TechTalk.SpecRun.Framework.AsyncTestThreadRunner.RunSync(TestExecutionManager executionManager, CancellationToken cancellationToken)
2020-09-01T11:15:32.1458038-03:00:test thread error: TechTalk.SpecRun.Framework.SpecRunException: At least one test thread aborted.
 ---> StreamJsonRpc.RemoteInvocationException: The binding methods for before/after feature and before/after test run events must be static! api-test:Api.Test.Steps.AutenticacaoDeUsuarioSteps.Init()
   at StreamJsonRpc.JsonRpc.InvokeCoreAsync[TResult](Nullable`1 id, String targetName, IReadOnlyList`1 arguments, CancellationToken cancellationToken, Boolean isParameterObject)
   at TechTalk.SpecFlow.Plus.RPC.TcpRpcClient.Invoke[T](String methodName, Object[] parameters)
   at TechTalk.SpecFlow.Plus.RPC.AsyncHelper.RunSync[TResult](Func`1 func)
   at TechTalk.SpecRun.Framework.Execution.OutOfProc.StreamJsonRPC.OutOfProcessTestAssemblyExecutorClient.RunTests(TestThreadState testThreadState)
   at TechTalk.SpecRun.Framework.Execution.OutOfProc.StreamJsonRPC.RemoteExecutor.RunTests(TestThreadState testThreadState)
   at TechTalk.SpecRun.Framework.Execution.OutOfProc.StreamJsonRPC.OutOfProcessTestAssemblyExecutorHost.RunTests(TestThreadState testThreadState)
   at TechTalk.SpecRun.Framework.TestThread.RunNonEmptyTestSuite(CancellationToken cancellationToken, TestThreadState testThreadState)
   at TechTalk.SpecRun.Framework.TestThread.Run(ITestExecutionManager executionManagerForRun, CancellationToken cancellationToken)
   at TechTalk.SpecRun.Framework.AsyncTestThreadRunner.RunSync(TestExecutionManager executionManager, CancellationToken cancellationToken)
   --- End of inner exception stack trace ---
2020-09-01T11:15:32.1541192-03:00:Thread#-1: Test #5/0 is started on thread #-1
2020-09-01T11:15:32.1556773-03:00:Thread#-1: Test #5/0 is finished on thread #-1 as Skipped within 0,0006062 seconds
2020-09-01T11:15:32.1577835-03:00:Thread#-1:Scheduler: get next test for thread -1
2020-09-01T11:15:32.1578273-03:00:Thread#:Scheduler: at the end of normal test queue
2020-09-01T11:15:32.1578307-03:00:Thread#-1:Scheduler: enumerator for thread is at end
2020-09-01T11:15:32.1900376-03:00;Thread#12;Info;test run finished
2020-09-01T11:15:32.1901832-03:00;Thread#12;Info;publishing test results
2020-09-01T11:15:32.1903594-03:00;Thread#12;Info;Not publishing results.
2020-09-01T11:15:32.1904688-03:00;Thread#12;Info;test results published
2020-09-01T11:15:32.1905607-03:00;Thread#12;Info;generating reports
2020-09-01T11:15:32.3422427-03:00;Thread#12;Error;Newtonsoft.Json.JsonSerializationException thrown during serialization: Newtonsoft.Json.JsonSerializationException: Self referencing loop detected for property 'ManifestModule' with type 'System.Reflection.RuntimeModule'. Path 'Summary.FrameworkErrorException.InnerException.TargetSite.Module.Assembly'.
   at Newtonsoft.Json.Serialization.JsonSerializerInternalWriter.CheckForCircularReference(JsonWriter writer, Object value, JsonProperty property, JsonContract contract, JsonContainerContract containerContract, JsonProperty containerProperty)
   at Newtonsoft.Json.Serialization.JsonSerializerInternalWriter.CalculatePropertyValues(JsonWriter writer, Object value, JsonContainerContract contract, JsonProperty member, JsonProperty property, JsonContract& memberContract, Object& memberValue)
   at Newtonsoft.Json.Serialization.JsonSerializerInternalWriter.SerializeObject(JsonWriter writer, Object value, JsonObjectContract contract, JsonProperty member, JsonContainerContract collectionContract, JsonProperty containerProperty)
   at Newtonsoft.Json.Serialization.JsonSerializerInternalWriter.SerializeValue(JsonWriter writer, Object value, JsonContract valueContract, JsonProperty member, JsonContainerContract containerContract, JsonProperty containerProperty)
   at Newtonsoft.Json.Serialization.JsonSerializerInternalWriter.SerializeObject(JsonWriter writer, Object value, JsonObjectContract contract, JsonProperty member, JsonContainerContract collectionContract, JsonProperty containerProperty)
   at Newtonsoft.Json.Serialization.JsonSerializerInternalWriter.SerializeValue(JsonWriter writer, Object value, JsonContract valueContract, JsonProperty member, JsonContainerContract containerContract, JsonProperty containerProperty)
   at Newtonsoft.Json.Serialization.JsonSerializerInternalWriter.SerializeObject(JsonWriter writer, Object value, JsonObjectContract contract, JsonProperty member, JsonContainerContract collectionContract, JsonProperty containerProperty)
   at Newtonsoft.Json.Serialization.JsonSerializerInternalWriter.SerializeValue(JsonWriter writer, Object value, JsonContract valueContract, JsonProperty member, JsonContainerContract containerContract, JsonProperty containerProperty)
   at Newtonsoft.Json.Serialization.JsonSerializerInternalWriter.SerializeObject(JsonWriter writer, Object value, JsonObjectContract contract, JsonProperty member, JsonContainerContract collectionContract, JsonProperty containerProperty)
   at Newtonsoft.Json.Serialization.JsonSerializerInternalWriter.SerializeValue(JsonWriter writer, Object value, JsonContract valueContract, JsonProperty member, JsonContainerContract containerContract, JsonProperty containerProperty)
   at Newtonsoft.Json.Serialization.JsonSerializerInternalWriter.SerializeObject(JsonWriter writer, Object value, JsonObjectContract contract, JsonProperty member, JsonContainerContract collectionContract, JsonProperty containerProperty)
   at Newtonsoft.Json.Serialization.JsonSerializerInternalWriter.SerializeValue(JsonWriter writer, Object value, JsonContract valueContract, JsonProperty member, JsonContainerContract containerContract, JsonProperty containerProperty)
   at Newtonsoft.Json.Serialization.JsonSerializerInternalWriter.SerializeObject(JsonWriter writer, Object value, JsonObjectContract contract, JsonProperty member, JsonContainerContract collectionContract, JsonProperty containerProperty)
   at Newtonsoft.Json.Serialization.JsonSerializerInternalWriter.SerializeValue(JsonWriter writer, Object value, JsonContract valueContract, JsonProperty member, JsonContainerContract containerContract, JsonProperty containerProperty)
   at Newtonsoft.Json.Serialization.JsonSerializerInternalWriter.SerializeObject(JsonWriter writer, Object value, JsonObjectContract contract, JsonProperty member, JsonContainerContract collectionContract, JsonProperty containerProperty)
   at Newtonsoft.Json.Serialization.JsonSerializerInternalWriter.SerializeValue(JsonWriter writer, Object value, JsonContract valueContract, JsonProperty member, JsonContainerContract containerContract, JsonProperty containerProperty)
   at Newtonsoft.Json.Serialization.JsonSerializerInternalWriter.Serialize(JsonWriter jsonWriter, Object value, Type objectType)
   at Newtonsoft.Json.JsonSerializer.SerializeInternal(JsonWriter jsonWriter, Object value, Type objectType)
   at Newtonsoft.Json.JsonSerializer.Serialize(JsonWriter jsonWriter, Object value)
   at Newtonsoft.Json.JsonSerializer.Serialize(TextWriter textWriter, Object value)
   at TechTalk.SpecRun.Framework.Services.JsonNetSerializer.Serialize[T](T value, FSharpOption`1 target)
2020-09-01T11:15:32.3425722-03:00;Thread#12;Error;Failed writing reporting data to file "C:\Users\euclides.okamoto\AppData\Local\Temp\tmp67AC.tmp".
2020-09-01T11:15:32.3516336-03:00;Thread#12;Info;Failed generating reports
2020-09-01T11:15:32.3580337-03:00:Total: 1
2020-09-01T11:15:32.3597133-03:00:Succeeded: 0
2020-09-01T11:15:32.3599874-03:00:Ignored: 0
2020-09-01T11:15:32.3602210-03:00:Pending: 0
2020-09-01T11:15:32.3602287-03:00:Skipped: 1
2020-09-01T11:15:32.3604506-03:00:Failed: 0
2020-09-01T11:15:32.3613001-03:00;VSTestExecutionThread;Info;Adding attachments to VSTest
========== End of log file ==========
