2020-09-01T09:31:53.8277725-03:00;VSTestExecutionThread;Info;SpecFlow+Runner execution started
2020-09-01T09:31:53.8280073-03:00;VSTestExecutionThread;Info;SpecFlow+Runner 3.3.41 in Framework netcore31 in x64 mode execution started
2020-09-01T09:31:53.8280161-03:00;VSTestExecutionThread;Info;TestAdapter Location: D:\prj\dimas\api-test\bin\Debug\netcoreapp3.1\TechTalk.SpecRun.VisualStudio.TestAdapter.dll
2020-09-01T09:31:53.8306974-03:00;VSTestExecutionThread;Info;Current UserName: 'euclides.okamoto', MachineName: 'TI0637'
2020-09-01T09:31:53.8770457-03:00;VSTestExecutionThread;Info;SpecRun: running tests in D:\prj\dimas\api-test\bin\Debug\netcoreapp3.1\api-test.dll
2020-09-01T09:31:53.8773300-03:00;VSTestExecutionThread;Info;Output folder configured to "D:\prj\dimas\TestResults" (default)
2020-09-01T09:31:53.8773925-03:00;VSTestExecutionThread;Info;Profile: 
2020-09-01T09:31:53.9442734-03:00;VSTestExecutionThread;Info;Log file path: D:\prj\dimas\TestResults\Unnamed project__2020-09-01T093153.log
2020-09-01T09:31:53.9497507-03:00;Thread#12;Info;Checking activation
2020-09-01T09:31:55.7825740-03:00;Thread#12;Info;Activated.
2020-09-01T09:31:55.7834714-03:00;Thread#12;Info;Activation check completed
2020-09-01T09:31:55.7836408-03:00;Thread#12;Info;Starting test run
2020-09-01T09:31:55.8039889-03:00;Thread#12;Info;Discovering target: Default
2020-09-01T09:31:55.8054569-03:00;Thread#12;Info;Discovering tests from assembly: D:\prj\dimas\api-test\bin\Debug\netcoreapp3.1\api-test.dll
2020-09-01T09:31:55.9676166-03:00;Thread#12;Info;Discovered tests from assembly: D:\prj\dimas\api-test\bin\Debug\netcoreapp3.1\api-test.dll
2020-09-01T09:31:55.9693942-03:00:Test Suite Dump
2020-09-01T09:31:55.9742109-03:00:#0: Unnamed project/ - 
2020-09-01T09:31:55.9742385-03:00:#1: Default - 
2020-09-01T09:31:55.9742412-03:00:#2: api-test - 
2020-09-01T09:31:55.9742430-03:00:#3: Autenticação de Usuário - 
2020-09-01T09:31:55.9759360-03:00:#5: Autentica Usuário correto e Senha incorreta - TestAssembly:api-test/Feature:Autentica%c3%a7%c3%a3o+de+Usu%c3%a1rio/Scenario:Autentica+Usu%c3%a1rio+correto+e+Senha+incorreta
2020-09-01T09:31:55.9760372-03:00:End: Test Suite Dump
2020-09-01T09:31:55.9980987-03:00:Thread#0:Scheduler: get next test for thread 0
2020-09-01T09:31:56.0001518-03:00:Thread#:Scheduler: testitem #5 from normal test queue 
2020-09-01T09:31:56.0002335-03:00:Thread#0:Scheduler: considering testitem #5 for thread 0
2020-09-01T09:31:56.0065219-03:00:Thread#0:TestItem#5:testItemMatchesCurrentTestThread:UnSpecific
2020-09-01T09:31:56.0065415-03:00:Thread#0:TestItem#5:runsOnOneOtherThreadSpecific:False
2020-09-01T09:31:56.0065438-03:00:Thread#0:TestItem#5:runsOnOneOtherThreadUnspecific:False
2020-09-01T09:31:56.0065474-03:00:Thread#0:Scheduler: using testitem #5 for thread 0
2020-09-01T09:31:56.0073753-03:00:Thread#0:Scheduler: Test #5 is scheduled for thread
2020-09-01T09:31:56.0089124-03:00:Thread#0:Scheduler: with testItemExecutionIndex 0
2020-09-01T09:31:56.0114023-03:00:Thread #0: creating new test thread executor for api-test, Version=1.0.0.0, Culture=neutral, PublicKeyToken=null (target: Default)
2020-09-01T09:31:56.0145637-03:00:Thread #0: Creating test assembly executor for execution model OutProc
2020-09-01T09:31:56.0147862-03:00:Thread #0: Creating test assembly executor for execution model OutProc
2020-09-01T09:31:56.0506975-03:00:Thread #0: using TechTalk.SpecRun.Framework.Execution.OutOfProc.StreamJsonRPC.OutOfProcessTestAssemblyExecutorHost to execute tests
2020-09-01T09:31:56.0526848-03:00:starting Out Of Process Executor
2020-09-01T09:31:56.1092289-03:00:Assembly resolving Microsoft.VisualStudio.Validation, Version=15.3.0.0, Culture=neutral, PublicKeyToken=b03f5f7f11d50a3a
2020-09-01T09:31:56.1118483-03:00:[AssemblyCache] Trying to resolve 'Microsoft.VisualStudio.Validation' from .deps.json file
2020-09-01T09:31:56.1118616-03:00:[AssemblyCache] Could not resolve 'Microsoft.VisualStudio.Validation' from .deps.json
2020-09-01T09:31:56.1133431-03:00:[AssemblyCache] Trying to resolve 'Microsoft.VisualStudio.Validation' in folder 'D:\prj\dimas\api-test\bin\Debug\netcoreapp3.1'
2020-09-01T09:31:56.1137364-03:00:[AssemblyCache] Trying to resolve 'Microsoft.VisualStudio.Validation' to 'D:\prj\dimas\api-test\bin\Debug\netcoreapp3.1\Microsoft.VisualStudio.Validation.dll'
2020-09-01T09:31:56.1138168-03:00:[AssemblyCache] Trying to resolve 'Microsoft.VisualStudio.Validation' to 'D:\prj\dimas\api-test\bin\Debug\netcoreapp3.1\Microsoft.VisualStudio.Validation.exe'
2020-09-01T09:31:56.1138422-03:00:[AssemblyCache] Could not resolve 'Microsoft.VisualStudio.Validation' in folder 'D:\prj\dimas\api-test\bin\Debug\netcoreapp3.1'
2020-09-01T09:31:56.1242127-03:00:[AssemblyCache] Trying to resolve 'Microsoft.VisualStudio.Validation' in folder 'C:\Program Files\dotnet\shared\Microsoft.AspNetCore.App\3.1.5'
2020-09-01T09:31:56.1242350-03:00:[AssemblyCache] Trying to resolve 'Microsoft.VisualStudio.Validation' to 'C:\Program Files\dotnet\shared\Microsoft.AspNetCore.App\3.1.5\Microsoft.VisualStudio.Validation.dll'
2020-09-01T09:31:56.1243102-03:00:[AssemblyCache] Trying to resolve 'Microsoft.VisualStudio.Validation' to 'C:\Program Files\dotnet\shared\Microsoft.AspNetCore.App\3.1.5\Microsoft.VisualStudio.Validation.exe'
2020-09-01T09:31:56.1243673-03:00:[AssemblyCache] Could not resolve 'Microsoft.VisualStudio.Validation' in folder 'C:\Program Files\dotnet\shared\Microsoft.AspNetCore.App\3.1.5'
2020-09-01T09:31:56.1245725-03:00:[AssemblyCache] Trying to resolve 'Microsoft.VisualStudio.Validation' in folder 'C:\Program Files\dotnet\shared\Microsoft.NETCore.App\3.1.5'
2020-09-01T09:31:56.1245801-03:00:[AssemblyCache] Trying to resolve 'Microsoft.VisualStudio.Validation' to 'C:\Program Files\dotnet\shared\Microsoft.NETCore.App\3.1.5\Microsoft.VisualStudio.Validation.dll'
2020-09-01T09:31:56.1246286-03:00:[AssemblyCache] Trying to resolve 'Microsoft.VisualStudio.Validation' to 'C:\Program Files\dotnet\shared\Microsoft.NETCore.App\3.1.5\Microsoft.VisualStudio.Validation.exe'
2020-09-01T09:31:56.1246687-03:00:[AssemblyCache] Could not resolve 'Microsoft.VisualStudio.Validation' in folder 'C:\Program Files\dotnet\shared\Microsoft.NETCore.App\3.1.5'
2020-09-01T09:31:56.1252864-03:00:[AssemblyCache] Trying to resolve 'Microsoft.VisualStudio.Validation' in folder 'C:\Program Files\dotnet\shared\Microsoft.WindowsDesktop.App\3.1.5'
2020-09-01T09:31:56.1252960-03:00:[AssemblyCache] Trying to resolve 'Microsoft.VisualStudio.Validation' to 'C:\Program Files\dotnet\shared\Microsoft.WindowsDesktop.App\3.1.5\Microsoft.VisualStudio.Validation.dll'
2020-09-01T09:31:56.1255999-03:00:[AssemblyCache] Trying to resolve 'Microsoft.VisualStudio.Validation' to 'C:\Program Files\dotnet\shared\Microsoft.WindowsDesktop.App\3.1.5\Microsoft.VisualStudio.Validation.exe'
2020-09-01T09:31:56.1256716-03:00:[AssemblyCache] Could not resolve 'Microsoft.VisualStudio.Validation' in folder 'C:\Program Files\dotnet\shared\Microsoft.WindowsDesktop.App\3.1.5'
2020-09-01T09:31:56.1278128-03:00:Starting callback TCP Rpc server
2020-09-01T09:31:56.1678220-03:00:Asynchronously starting background TCP Rpc Server on port 32768
2020-09-01T09:31:56.1682043-03:00:Started callback TCP Rpc server on port 32768
2020-09-01T09:31:56.1682158-03:00:Starting logger TCP Rpc server
2020-09-01T09:31:56.1737399-03:00:Asynchronously starting background TCP Rpc Server on port 32769
2020-09-01T09:31:56.1737835-03:00:Started logger TCP Rpc server on port 32769
2020-09-01T09:31:56.3501245-03:00:Executing test executor at 'dotnet' 'exec "D:\prj\dimas\api-test\bin\Debug\netcoreapp3.1\SpecFlowPlusRunner\netcoreapp3.1\TechTalk.SpecRun.Framework.Executor.anycpu.netcoreapp3_1.dll" --remoteRunnerPid 13164 --uniqueId "2020-09-01T093153" --outputFolder "D:\prj\dimas\TestResults" --callbackPort 32768 --loggerPort 32769' in 'D:\prj\dimas\api-test\bin\Debug\netcoreapp3.1'
2020-09-01T09:31:56.3643624-03:00:Executor with PID 10112 has been started successfully.
2020-09-01T09:31:56.3678894-03:00:Out of Process Executor 10112 started
2020-09-01T09:31:56.3679111-03:00:Waiting for endpoint
2020-09-01T09:31:57.1138417-03:00:Assembly resolving StreamJsonRpc.resources, Version=1.4.0.0, Culture=pt-BR, PublicKeyToken=b03f5f7f11d50a3a
2020-09-01T09:31:57.1139158-03:00:[AssemblyCache] Trying to resolve 'StreamJsonRpc.resources' from .deps.json file
2020-09-01T09:31:57.1139265-03:00:[AssemblyCache] Could not resolve 'StreamJsonRpc.resources' from .deps.json
2020-09-01T09:31:57.1139346-03:00:[AssemblyCache] Trying to resolve 'StreamJsonRpc.resources' in folder 'D:\prj\dimas\api-test\bin\Debug\netcoreapp3.1'
2020-09-01T09:31:57.1139361-03:00:[AssemblyCache] Trying to resolve 'StreamJsonRpc.resources' to 'D:\prj\dimas\api-test\bin\Debug\netcoreapp3.1\StreamJsonRpc.resources.dll'
2020-09-01T09:31:57.1139625-03:00:[AssemblyCache] Trying to resolve 'StreamJsonRpc.resources' to 'D:\prj\dimas\api-test\bin\Debug\netcoreapp3.1\StreamJsonRpc.resources.exe'
2020-09-01T09:31:57.1139793-03:00:[AssemblyCache] Could not resolve 'StreamJsonRpc.resources' in folder 'D:\prj\dimas\api-test\bin\Debug\netcoreapp3.1'
2020-09-01T09:31:57.1150938-03:00:[AssemblyCache] Trying to resolve 'StreamJsonRpc.resources' in folder 'C:\Program Files\dotnet\shared\Microsoft.AspNetCore.App\3.1.5'
2020-09-01T09:31:57.1151068-03:00:[AssemblyCache] Trying to resolve 'StreamJsonRpc.resources' to 'C:\Program Files\dotnet\shared\Microsoft.AspNetCore.App\3.1.5\StreamJsonRpc.resources.dll'
2020-09-01T09:31:57.1151703-03:00:[AssemblyCache] Trying to resolve 'StreamJsonRpc.resources' to 'C:\Program Files\dotnet\shared\Microsoft.AspNetCore.App\3.1.5\StreamJsonRpc.resources.exe'
2020-09-01T09:31:57.1152226-03:00:[AssemblyCache] Could not resolve 'StreamJsonRpc.resources' in folder 'C:\Program Files\dotnet\shared\Microsoft.AspNetCore.App\3.1.5'
2020-09-01T09:31:57.1154183-03:00:[AssemblyCache] Trying to resolve 'StreamJsonRpc.resources' in folder 'C:\Program Files\dotnet\shared\Microsoft.NETCore.App\3.1.5'
2020-09-01T09:31:57.1154262-03:00:[AssemblyCache] Trying to resolve 'StreamJsonRpc.resources' to 'C:\Program Files\dotnet\shared\Microsoft.NETCore.App\3.1.5\StreamJsonRpc.resources.dll'
2020-09-01T09:31:57.1154751-03:00:[AssemblyCache] Trying to resolve 'StreamJsonRpc.resources' to 'C:\Program Files\dotnet\shared\Microsoft.NETCore.App\3.1.5\StreamJsonRpc.resources.exe'
2020-09-01T09:31:57.1155133-03:00:[AssemblyCache] Could not resolve 'StreamJsonRpc.resources' in folder 'C:\Program Files\dotnet\shared\Microsoft.NETCore.App\3.1.5'
2020-09-01T09:31:57.1157038-03:00:[AssemblyCache] Trying to resolve 'StreamJsonRpc.resources' in folder 'C:\Program Files\dotnet\shared\Microsoft.WindowsDesktop.App\3.1.5'
2020-09-01T09:31:57.1157117-03:00:[AssemblyCache] Trying to resolve 'StreamJsonRpc.resources' to 'C:\Program Files\dotnet\shared\Microsoft.WindowsDesktop.App\3.1.5\StreamJsonRpc.resources.dll'
2020-09-01T09:31:57.1160515-03:00:[AssemblyCache] Trying to resolve 'StreamJsonRpc.resources' to 'C:\Program Files\dotnet\shared\Microsoft.WindowsDesktop.App\3.1.5\StreamJsonRpc.resources.exe'
2020-09-01T09:31:57.1161231-03:00:[AssemblyCache] Could not resolve 'StreamJsonRpc.resources' in folder 'C:\Program Files\dotnet\shared\Microsoft.WindowsDesktop.App\3.1.5'
2020-09-01T09:31:57.1167861-03:00:Assembly resolving StreamJsonRpc.resources, Version=1.4.0.0, Culture=pt, PublicKeyToken=b03f5f7f11d50a3a
2020-09-01T09:31:57.1175156-03:00:Assembly resolving Microsoft.VisualStudio.Threading, Version=15.3.0.0, Culture=neutral, PublicKeyToken=b03f5f7f11d50a3a
2020-09-01T09:31:57.1175265-03:00:[AssemblyCache] Trying to resolve 'Microsoft.VisualStudio.Threading' from .deps.json file
2020-09-01T09:31:57.1175289-03:00:[AssemblyCache] Could not resolve 'Microsoft.VisualStudio.Threading' from .deps.json
2020-09-01T09:31:57.1175316-03:00:[AssemblyCache] Trying to resolve 'Microsoft.VisualStudio.Threading' in folder 'D:\prj\dimas\api-test\bin\Debug\netcoreapp3.1'
2020-09-01T09:31:57.1175369-03:00:[AssemblyCache] Trying to resolve 'Microsoft.VisualStudio.Threading' to 'D:\prj\dimas\api-test\bin\Debug\netcoreapp3.1\Microsoft.VisualStudio.Threading.dll'
2020-09-01T09:31:57.1175550-03:00:[AssemblyCache] Trying to resolve 'Microsoft.VisualStudio.Threading' to 'D:\prj\dimas\api-test\bin\Debug\netcoreapp3.1\Microsoft.VisualStudio.Threading.exe'
2020-09-01T09:31:57.1175695-03:00:[AssemblyCache] Could not resolve 'Microsoft.VisualStudio.Threading' in folder 'D:\prj\dimas\api-test\bin\Debug\netcoreapp3.1'
2020-09-01T09:31:57.1183841-03:00:[AssemblyCache] Trying to resolve 'Microsoft.VisualStudio.Threading' in folder 'C:\Program Files\dotnet\shared\Microsoft.AspNetCore.App\3.1.5'
2020-09-01T09:31:57.1184011-03:00:[AssemblyCache] Trying to resolve 'Microsoft.VisualStudio.Threading' to 'C:\Program Files\dotnet\shared\Microsoft.AspNetCore.App\3.1.5\Microsoft.VisualStudio.Threading.dll'
2020-09-01T09:31:57.1184791-03:00:[AssemblyCache] Trying to resolve 'Microsoft.VisualStudio.Threading' to 'C:\Program Files\dotnet\shared\Microsoft.AspNetCore.App\3.1.5\Microsoft.VisualStudio.Threading.exe'
2020-09-01T09:31:57.1185534-03:00:[AssemblyCache] Could not resolve 'Microsoft.VisualStudio.Threading' in folder 'C:\Program Files\dotnet\shared\Microsoft.AspNetCore.App\3.1.5'
2020-09-01T09:31:57.1188434-03:00:[AssemblyCache] Trying to resolve 'Microsoft.VisualStudio.Threading' in folder 'C:\Program Files\dotnet\shared\Microsoft.NETCore.App\3.1.5'
2020-09-01T09:31:57.1188556-03:00:[AssemblyCache] Trying to resolve 'Microsoft.VisualStudio.Threading' to 'C:\Program Files\dotnet\shared\Microsoft.NETCore.App\3.1.5\Microsoft.VisualStudio.Threading.dll'
2020-09-01T09:31:57.1189353-03:00:[AssemblyCache] Trying to resolve 'Microsoft.VisualStudio.Threading' to 'C:\Program Files\dotnet\shared\Microsoft.NETCore.App\3.1.5\Microsoft.VisualStudio.Threading.exe'
2020-09-01T09:31:57.1190110-03:00:[AssemblyCache] Could not resolve 'Microsoft.VisualStudio.Threading' in folder 'C:\Program Files\dotnet\shared\Microsoft.NETCore.App\3.1.5'
2020-09-01T09:31:57.1193777-03:00:[AssemblyCache] Trying to resolve 'Microsoft.VisualStudio.Threading' in folder 'C:\Program Files\dotnet\shared\Microsoft.WindowsDesktop.App\3.1.5'
2020-09-01T09:31:57.1193937-03:00:[AssemblyCache] Trying to resolve 'Microsoft.VisualStudio.Threading' to 'C:\Program Files\dotnet\shared\Microsoft.WindowsDesktop.App\3.1.5\Microsoft.VisualStudio.Threading.dll'
2020-09-01T09:31:57.1195060-03:00:[AssemblyCache] Trying to resolve 'Microsoft.VisualStudio.Threading' to 'C:\Program Files\dotnet\shared\Microsoft.WindowsDesktop.App\3.1.5\Microsoft.VisualStudio.Threading.exe'
2020-09-01T09:31:57.1196376-03:00:[AssemblyCache] Could not resolve 'Microsoft.VisualStudio.Threading' in folder 'C:\Program Files\dotnet\shared\Microsoft.WindowsDesktop.App\3.1.5'
2020-09-01T09:31:57.4672553-03:00:Remote executor port received: 32770
2020-09-01T09:31:57.4678975-03:00:Creating executor TCP client on port 32770
2020-09-01T09:31:57.4684508-03:00:Created executor TCP client on port 32770
2020-09-01T09:31:57.4684624-03:00:Connecting to remote executor TCP server
2020-09-01T09:31:57.4698808-03:00:Connected remote executor TCP server
2020-09-01T09:31:57.4702459-03:00:trying to connect to Out of Process Executor the 1 attempt
2020-09-01T09:31:57.4702615-03:00:Connection to Out of Process Executor established in the 1 attempt
2020-09-01T09:31:57.7260674-03:00:2020-09-01T09:31:57.7248582-03:00:OutOfProcessTestAssemblyExecutor: initialized for D:\prj\dimas\api-test\bin\Debug\netcoreapp3.1\api-test.dll on test thread #0
2020-09-01T09:31:57.7316198-03:00:Endpoint 10112 started
2020-09-01T09:31:57.7589507-03:00:2020-09-01T09:31:57.7584904-03:00:OutOfProcessTestAssemblyExecutor: running tests...
2020-09-01T09:31:57.9320830-03:00:2020-09-01T09:31:57.9316211-03:00:Assembly resolving TechTalk.SpecFlow, Version=3.3.0.0, Culture=neutral, PublicKeyToken=0778194805d6db41
2020-09-01T09:31:57.9353564-03:00:2020-09-01T09:31:57.9349870-03:00:[AssemblyCache] Trying to resolve 'TechTalk.SpecFlow' from .deps.json file
2020-09-01T09:31:57.9452473-03:00:2020-09-01T09:31:57.9434153-03:00:[AssemblyCache] Resolved 'TechTalk.SpecFlow' to 'C:\Users\euclides.okamoto\.nuget\packages\specflow\3.3.30\lib\netstandard2.0\TechTalk.SpecFlow.dll'
2020-09-01T09:31:58.1336405-03:00:2020-09-01T09:31:58.1323499-03:00:Thread#0:T:-> Loading plugin D:\prj\dimas\api-test\bin\Debug\netcoreapp3.1\SpecRun.Runtime.SpecFlowPlugin.dll
2020-09-01T09:31:58.1693131-03:00:2020-09-01T09:31:58.1680731-03:00:Assembly resolving TechTalk.SpecFlow, Version=3.3.0.0, Culture=neutral, PublicKeyToken=0778194805d6db41
2020-09-01T09:31:58.1790124-03:00:2020-09-01T09:31:58.1779765-03:00:Thread#0:T:-> Using default config
2020-09-01T09:31:58.1957960-03:00:2020-09-01T09:31:58.1943521-03:00:Assembly resolving Cucumber.Messages, Version=6.0.1.0, Culture=neutral, PublicKeyToken=b10c5988214f940c
2020-09-01T09:31:58.1973919-03:00:2020-09-01T09:31:58.1965151-03:00:[AssemblyCache] Trying to resolve 'Cucumber.Messages' from .deps.json file
2020-09-01T09:31:58.1989985-03:00:2020-09-01T09:31:58.1982002-03:00:[AssemblyCache] Resolved 'Cucumber.Messages' to 'C:\Users\euclides.okamoto\.nuget\packages\cucumber.messages\6.0.1\lib\netstandard2.0\Cucumber.Messages.dll'
2020-09-01T09:31:58.2016146-03:00:2020-09-01T09:31:58.2008687-03:00:Assembly resolving Google.Protobuf, Version=3.7.0.0, Culture=neutral, PublicKeyToken=a7d26565bac4d604
2020-09-01T09:31:58.2022234-03:00:2020-09-01T09:31:58.2019159-03:00:[AssemblyCache] Trying to resolve 'Google.Protobuf' from .deps.json file
2020-09-01T09:31:58.2029760-03:00:2020-09-01T09:31:58.2026834-03:00:[AssemblyCache] Resolved 'Google.Protobuf' to 'C:\Users\euclides.okamoto\.nuget\packages\google.protobuf\3.7.0\lib\netstandard1.0\Google.Protobuf.dll'
2020-09-01T09:31:58.2157182-03:00:2020-09-01T09:31:58.2153189-03:00:Assembly resolving Microsoft.VisualStudio.TestPlatform.ObjectModel, Version=15.0.0.0, Culture=neutral, PublicKeyToken=b03f5f7f11d50a3a
2020-09-01T09:31:58.2163249-03:00:2020-09-01T09:31:58.2160413-03:00:[AssemblyCache] Trying to resolve 'Microsoft.VisualStudio.TestPlatform.ObjectModel' from .deps.json file
2020-09-01T09:31:58.2171993-03:00:2020-09-01T09:31:58.2169063-03:00:[AssemblyCache] Resolved 'Microsoft.VisualStudio.TestPlatform.ObjectModel' to 'C:\Users\euclides.okamoto\.nuget\packages\microsoft.testplatform.objectmodel\16.5.0\lib\netstandard2.0\Microsoft.VisualStudio.TestPlatform.ObjectModel.dll'
2020-09-01T09:31:58.2411696-03:00:2020-09-01T09:31:58.2407279-03:00:Thread#0:T:-> error: The binding methods for before/after feature and before/after test run events must be static! api-test:Api.Test.Steps.AutenticacaoDeUsuarioSteps.Init()
2020-09-01T09:31:58.2966331-03:00:2020-09-01T09:31:58.2961494-03:00:OutOfProcessTestAssemblyExecutor: RunTest error: TechTalk.SpecFlow.BindingException: The binding methods for before/after feature and before/after test run events must be static! api-test:Api.Test.Steps.AutenticacaoDeUsuarioSteps.Init()
   at TechTalk.SpecFlow.ErrorHandling.ErrorProvider.GetNonStaticEventError(IBindingMethod method) in D:\a\1\s\TechTalk.SpecFlow\ErrorHandling\ErrorProvider.cs:line 128
   at TechTalk.SpecFlow.Bindings.Discovery.RuntimeBindingSourceProcessor.ValidateHook(BindingSourceMethod bindingSourceMethod, BindingSourceAttribute hookAttribute, HookType hookType) in D:\a\1\s\TechTalk.SpecFlow\Bindings\Discovery\RuntimeBindingSourceProcessor.cs:line 54
   at TechTalk.SpecFlow.Bindings.Discovery.BindingSourceProcessor.ProcessHookAttribute(BindingSourceMethod bindingSourceMethod, BindingSourceAttribute hookAttribute, BindingScope scope) in D:\a\1\s\TechTalk.SpecFlow\Bindings\Discovery\BindingSourceProcessor.cs:line 159
   at TechTalk.SpecFlow.Bindings.Discovery.BindingSourceProcessor.<>c__DisplayClass21_0.<ProcessHookAttribute>b__1(BindingScope scope) in D:\a\1\s\TechTalk.SpecFlow\Bindings\Discovery\BindingSourceProcessor.cs:line 140
   at TechTalk.SpecFlow.Bindings.Discovery.BindingSourceProcessor.ProcessHookAttribute(BindingSourceMethod bindingSourceMethod, BindingScope[] methodScopes, BindingSourceAttribute hookAttribute) in D:\a\1\s\TechTalk.SpecFlow\Bindings\Discovery\BindingSourceProcessor.cs:line 141
   at TechTalk.SpecFlow.Bindings.Discovery.BindingSourceProcessor.ProcessHooks(BindingSourceMethod bindingSourceMethod, BindingScope[] methodScopes) in D:\a\1\s\TechTalk.SpecFlow\Bindings\Discovery\BindingSourceProcessor.cs:line 112
   at TechTalk.SpecFlow.Bindings.Discovery.BindingSourceProcessor.ProcessMethod(BindingSourceMethod bindingSourceMethod) in D:\a\1\s\TechTalk.SpecFlow\Bindings\Discovery\BindingSourceProcessor.cs:line 99
   at TechTalk.SpecFlow.Bindings.Discovery.RuntimeBindingRegistryBuilder.BuildBindingsFromType(Type type) in D:\a\1\s\TechTalk.SpecFlow\Bindings\Discovery\RuntimeBindingRegistryBuilder.cs:line 49
   at TechTalk.SpecFlow.Bindings.Discovery.RuntimeBindingRegistryBuilder.BuildBindingsFromAssembly(Assembly assembly) in D:\a\1\s\TechTalk.SpecFlow\Bindings\Discovery\RuntimeBindingRegistryBuilder.cs:line 25
   at TechTalk.SpecFlow.TestRunnerManager.BuildBindingRegistry(IEnumerable`1 bindingAssemblies) in D:\a\1\s\TechTalk.SpecFlow\TestRunnerManager.cs:line 92
   at TechTalk.SpecFlow.TestRunnerManager.InitializeBindingRegistry(ITestRunner testRunner) in D:\a\1\s\TechTalk.SpecFlow\TestRunnerManager.cs:line 75
   at TechTalk.SpecFlow.TestRunnerManager.CreateTestRunner(Int32 threadId) in D:\a\1\s\TechTalk.SpecFlow\TestRunnerManager.cs:line 63
   at TechTalk.SpecFlow.TestRunnerManager.GetTestRunnerWithoutExceptionHandling(Int32 threadId) in D:\a\1\s\TechTalk.SpecFlow\TestRunnerManager.cs:line 155
   at TechTalk.SpecFlow.TestRunnerManager.GetTestRunner(Int32 threadId) in D:\a\1\s\TechTalk.SpecFlow\TestRunnerManager.cs:line 136
   at TechTalk.SpecFlow.TestRunnerManager.OnTestRunStart(Assembly testAssembly, IContainerBuilder containerBuilder) in D:\a\1\s\TechTalk.SpecFlow\TestRunnerManager.cs:line 232
   at Api_Test_SpecFlowPlusRunnerAssemblyHooks.AssemblyInitialize() in D:\prj\dimas\api-test\obj\Debug\netcoreapp3.1\SpecFlow.Plus.Runner.AssemblyHooks.cs:line 8
   at TechTalk.SpecRun.Framework.TaskExecutors.StaticOrInstanceMethodExecutor.ExecuteInternal(ITestThreadExecutionContext testThreadExecutionContext)
   at TechTalk.SpecRun.Framework.TaskExecutors.StaticOrInstanceMethodExecutor.Execute(ITestThreadExecutionContext testThreadExecutionContext)
   at TechTalk.SpecRun.Framework.TestAssemblyExecutor.RunAssemblyInitializeExecutors(ITestAssemblyExecutorsProvider testAssemblyExecutorsProvider, ITestThreadExecutionContext testThreadExecutionContext)
   at TechTalk.SpecRun.Framework.TestAssemblyExecutor.RunTests(ITestAssemblyExecutorState executorState, ITestAssemblyExecutorsProvider testAssemblyExecutorsProvider, ITestThreadExecutionContext testThreadExecutionContext)
   at TechTalk.SpecRun.Framework.TestAssemblyExecutor.RunTests(TestThreadState testThreadState)
   at TechTalk.SpecRun.Framework.Execution.InProcess.InProcAppDomainTestAssemblyExecutor.RunTests(TestThreadState testThreadState)
   at TechTalk.SpecRun.Framework.Execution.OutOfProcess.OutOfProcessTestAssemblyExecutor.RunTests(TestThreadState testThreadState)
2020-09-01T09:31:58.2974579-03:00:2020-09-01T09:31:58.2970930-03:00:OutOfProcessTestAssemblyExecutorReceiver - Error at RunTests - TechTalk.SpecFlow.BindingException: The binding methods for before/after feature and before/after test run events must be static! api-test:Api.Test.Steps.AutenticacaoDeUsuarioSteps.Init()
   at TechTalk.SpecFlow.ErrorHandling.ErrorProvider.GetNonStaticEventError(IBindingMethod method) in D:\a\1\s\TechTalk.SpecFlow\ErrorHandling\ErrorProvider.cs:line 128
   at TechTalk.SpecFlow.Bindings.Discovery.RuntimeBindingSourceProcessor.ValidateHook(BindingSourceMethod bindingSourceMethod, BindingSourceAttribute hookAttribute, HookType hookType) in D:\a\1\s\TechTalk.SpecFlow\Bindings\Discovery\RuntimeBindingSourceProcessor.cs:line 54
   at TechTalk.SpecFlow.Bindings.Discovery.BindingSourceProcessor.ProcessHookAttribute(BindingSourceMethod bindingSourceMethod, BindingSourceAttribute hookAttribute, BindingScope scope) in D:\a\1\s\TechTalk.SpecFlow\Bindings\Discovery\BindingSourceProcessor.cs:line 159
   at TechTalk.SpecFlow.Bindings.Discovery.BindingSourceProcessor.<>c__DisplayClass21_0.<ProcessHookAttribute>b__1(BindingScope scope) in D:\a\1\s\TechTalk.SpecFlow\Bindings\Discovery\BindingSourceProcessor.cs:line 140
   at TechTalk.SpecFlow.Bindings.Discovery.BindingSourceProcessor.ProcessHookAttribute(BindingSourceMethod bindingSourceMethod, BindingScope[] methodScopes, BindingSourceAttribute hookAttribute) in D:\a\1\s\TechTalk.SpecFlow\Bindings\Discovery\BindingSourceProcessor.cs:line 141
   at TechTalk.SpecFlow.Bindings.Discovery.BindingSourceProcessor.ProcessHooks(BindingSourceMethod bindingSourceMethod, BindingScope[] methodScopes) in D:\a\1\s\TechTalk.SpecFlow\Bindings\Discovery\BindingSourceProcessor.cs:line 112
   at TechTalk.SpecFlow.Bindings.Discovery.BindingSourceProcessor.ProcessMethod(BindingSourceMethod bindingSourceMethod) in D:\a\1\s\TechTalk.SpecFlow\Bindings\Discovery\BindingSourceProcessor.cs:line 99
   at TechTalk.SpecFlow.Bindings.Discovery.RuntimeBindingRegistryBuilder.BuildBindingsFromType(Type type) in D:\a\1\s\TechTalk.SpecFlow\Bindings\Discovery\RuntimeBindingRegistryBuilder.cs:line 49
   at TechTalk.SpecFlow.Bindings.Discovery.RuntimeBindingRegistryBuilder.BuildBindingsFromAssembly(Assembly assembly) in D:\a\1\s\TechTalk.SpecFlow\Bindings\Discovery\RuntimeBindingRegistryBuilder.cs:line 25
   at TechTalk.SpecFlow.TestRunnerManager.BuildBindingRegistry(IEnumerable`1 bindingAssemblies) in D:\a\1\s\TechTalk.SpecFlow\TestRunnerManager.cs:line 92
   at TechTalk.SpecFlow.TestRunnerManager.InitializeBindingRegistry(ITestRunner testRunner) in D:\a\1\s\TechTalk.SpecFlow\TestRunnerManager.cs:line 75
   at TechTalk.SpecFlow.TestRunnerManager.CreateTestRunner(Int32 threadId) in D:\a\1\s\TechTalk.SpecFlow\TestRunnerManager.cs:line 63
   at TechTalk.SpecFlow.TestRunnerManager.GetTestRunnerWithoutExceptionHandling(Int32 threadId) in D:\a\1\s\TechTalk.SpecFlow\TestRunnerManager.cs:line 155
   at TechTalk.SpecFlow.TestRunnerManager.GetTestRunner(Int32 threadId) in D:\a\1\s\TechTalk.SpecFlow\TestRunnerManager.cs:line 136
   at TechTalk.SpecFlow.TestRunnerManager.OnTestRunStart(Assembly testAssembly, IContainerBuilder containerBuilder) in D:\a\1\s\TechTalk.SpecFlow\TestRunnerManager.cs:line 232
   at Api_Test_SpecFlowPlusRunnerAssemblyHooks.AssemblyInitialize() in D:\prj\dimas\api-test\obj\Debug\netcoreapp3.1\SpecFlow.Plus.Runner.AssemblyHooks.cs:line 8
   at TechTalk.SpecRun.Framework.TaskExecutors.StaticOrInstanceMethodExecutor.ExecuteInternal(ITestThreadExecutionContext testThreadExecutionContext)
   at TechTalk.SpecRun.Framework.TaskExecutors.StaticOrInstanceMethodExecutor.Execute(ITestThreadExecutionContext testThreadExecutionContext)
   at TechTalk.SpecRun.Framework.TestAssemblyExecutor.RunAssemblyInitializeExecutors(ITestAssemblyExecutorsProvider testAssemblyExecutorsProvider, ITestThreadExecutionContext testThreadExecutionContext)
   at TechTalk.SpecRun.Framework.TestAssemblyExecutor.RunTests(ITestAssemblyExecutorState executorState, ITestAssemblyExecutorsProvider testAssemblyExecutorsProvider, ITestThreadExecutionContext testThreadExecutionContext)
   at TechTalk.SpecRun.Framework.TestAssemblyExecutor.RunTests(TestThreadState testThreadState)
   at TechTalk.SpecRun.Framework.Execution.InProcess.InProcAppDomainTestAssemblyExecutor.RunTests(TestThreadState testThreadState)
   at TechTalk.SpecRun.Framework.Execution.OutOfProcess.OutOfProcessTestAssemblyExecutor.RunTests(TestThreadState testThreadState)
   at TechTalk.SpecRun.Framework.Execution.OutOfProcess.OutOfProcessTestAssemblyExecutorReceiver.RunTests(TestThreadState testThreadState)
2020-09-01T09:31:58.3297412-03:00:test thread #0 error: StreamJsonRpc.RemoteInvocationException: The binding methods for before/after feature and before/after test run events must be static! api-test:Api.Test.Steps.AutenticacaoDeUsuarioSteps.Init()
   at StreamJsonRpc.JsonRpc.InvokeCoreAsync[TResult](Nullable`1 id, String targetName, IReadOnlyList`1 arguments, CancellationToken cancellationToken, Boolean isParameterObject)
   at TechTalk.SpecFlow.Plus.RPC.TcpRpcClient.Invoke[T](String methodName, Object[] parameters)
   at TechTalk.SpecFlow.Plus.RPC.AsyncHelper.RunSync[TResult](Func`1 func)
   at TechTalk.SpecRun.Framework.Execution.OutOfProc.StreamJsonRPC.OutOfProcessTestAssemblyExecutorClient.RunTests(TestThreadState testThreadState)
   at TechTalk.SpecRun.Framework.Execution.OutOfProc.StreamJsonRPC.RemoteExecutor.RunTests(TestThreadState testThreadState)
   at TechTalk.SpecRun.Framework.Execution.OutOfProc.StreamJsonRPC.OutOfProcessTestAssemblyExecutorHost.RunTests(TestThreadState testThreadState)
   at TechTalk.SpecRun.Framework.TestThread.RunNonEmptyTestSuite(CancellationToken cancellationToken, TestThreadState testThreadState)
   at TechTalk.SpecRun.Framework.TestThread.Run(ITestExecutionManager executionManagerForRun, CancellationToken cancellationToken)
   at TechTalk.SpecRun.Framework.AsyncTestThreadRunner.RunSync(TestExecutionManager executionManager, CancellationToken cancellationToken)
2020-09-01T09:31:58.3316092-03:00:test thread error: TechTalk.SpecRun.Framework.SpecRunException: At least one test thread aborted.
 ---> StreamJsonRpc.RemoteInvocationException: The binding methods for before/after feature and before/after test run events must be static! api-test:Api.Test.Steps.AutenticacaoDeUsuarioSteps.Init()
   at StreamJsonRpc.JsonRpc.InvokeCoreAsync[TResult](Nullable`1 id, String targetName, IReadOnlyList`1 arguments, CancellationToken cancellationToken, Boolean isParameterObject)
   at TechTalk.SpecFlow.Plus.RPC.TcpRpcClient.Invoke[T](String methodName, Object[] parameters)
   at TechTalk.SpecFlow.Plus.RPC.AsyncHelper.RunSync[TResult](Func`1 func)
   at TechTalk.SpecRun.Framework.Execution.OutOfProc.StreamJsonRPC.OutOfProcessTestAssemblyExecutorClient.RunTests(TestThreadState testThreadState)
   at TechTalk.SpecRun.Framework.Execution.OutOfProc.StreamJsonRPC.RemoteExecutor.RunTests(TestThreadState testThreadState)
   at TechTalk.SpecRun.Framework.Execution.OutOfProc.StreamJsonRPC.OutOfProcessTestAssemblyExecutorHost.RunTests(TestThreadState testThreadState)
   at TechTalk.SpecRun.Framework.TestThread.RunNonEmptyTestSuite(CancellationToken cancellationToken, TestThreadState testThreadState)
   at TechTalk.SpecRun.Framework.TestThread.Run(ITestExecutionManager executionManagerForRun, CancellationToken cancellationToken)
   at TechTalk.SpecRun.Framework.AsyncTestThreadRunner.RunSync(TestExecutionManager executionManager, CancellationToken cancellationToken)
   --- End of inner exception stack trace ---
2020-09-01T09:31:58.3412487-03:00:Thread#-1: Test #5/0 is started on thread #-1
2020-09-01T09:31:58.3429786-03:00:Thread#-1: Test #5/0 is finished on thread #-1 as Skipped within 0,0006776 seconds
2020-09-01T09:31:58.3451914-03:00:Thread#-1:Scheduler: get next test for thread -1
2020-09-01T09:31:58.3452405-03:00:Thread#:Scheduler: at the end of normal test queue
2020-09-01T09:31:58.3452443-03:00:Thread#-1:Scheduler: enumerator for thread is at end
2020-09-01T09:31:58.3836607-03:00;Thread#12;Info;test run finished
2020-09-01T09:31:58.3838095-03:00;Thread#12;Info;publishing test results
2020-09-01T09:31:58.3839976-03:00;Thread#12;Info;Not publishing results.
2020-09-01T09:31:58.3841170-03:00;Thread#12;Info;test results published
2020-09-01T09:31:58.3841852-03:00;Thread#12;Info;generating reports
2020-09-01T09:31:58.5921814-03:00;Thread#12;Error;Newtonsoft.Json.JsonSerializationException thrown during serialization: Newtonsoft.Json.JsonSerializationException: Self referencing loop detected for property 'ManifestModule' with type 'System.Reflection.RuntimeModule'. Path 'Summary.FrameworkErrorException.InnerException.TargetSite.Module.Assembly'.
   at Newtonsoft.Json.Serialization.JsonSerializerInternalWriter.CheckForCircularReference(JsonWriter writer, Object value, JsonProperty property, JsonContract contract, JsonContainerContract containerContract, JsonProperty containerProperty)
   at Newtonsoft.Json.Serialization.JsonSerializerInternalWriter.CalculatePropertyValues(JsonWriter writer, Object value, JsonContainerContract contract, JsonProperty member, JsonProperty property, JsonContract& memberContract, Object& memberValue)
   at Newtonsoft.Json.Serialization.JsonSerializerInternalWriter.SerializeObject(JsonWriter writer, Object value, JsonObjectContract contract, JsonProperty member, JsonContainerContract collectionContract, JsonProperty containerProperty)
   at Newtonsoft.Json.Serialization.JsonSerializerInternalWriter.SerializeValue(JsonWriter writer, Object value, JsonContract valueContract, JsonProperty member, JsonContainerContract containerContract, JsonProperty containerProperty)
   at Newtonsoft.Json.Serialization.JsonSerializerInternalWriter.SerializeObject(JsonWriter writer, Object value, JsonObjectContract contract, JsonProperty member, JsonContainerContract collectionContract, JsonProperty containerProperty)
   at Newtonsoft.Json.Serialization.JsonSerializerInternalWriter.SerializeValue(JsonWriter writer, Object value, JsonContract valueContract, JsonProperty member, JsonContainerContract containerContract, JsonProperty containerProperty)
   at Newtonsoft.Json.Serialization.JsonSerializerInternalWriter.SerializeObject(JsonWriter writer, Object value, JsonObjectContract contract, JsonProperty member, JsonContainerContract collectionContract, JsonProperty containerProperty)
   at Newtonsoft.Json.Serialization.JsonSerializerInternalWriter.SerializeValue(JsonWriter writer, Object value, JsonContract valueContract, JsonProperty member, JsonContainerContract containerContract, JsonProperty containerProperty)
   at Newtonsoft.Json.Serialization.JsonSerializerInternalWriter.SerializeObject(JsonWriter writer, Object value, JsonObjectContract contract, JsonProperty member, JsonContainerContract collectionContract, JsonProperty containerProperty)
   at Newtonsoft.Json.Serialization.JsonSerializerInternalWriter.SerializeValue(JsonWriter writer, Object value, JsonContract valueContract, JsonProperty member, JsonContainerContract containerContract, JsonProperty containerProperty)
   at Newtonsoft.Json.Serialization.JsonSerializerInternalWriter.SerializeObject(JsonWriter writer, Object value, JsonObjectContract contract, JsonProperty member, JsonContainerContract collectionContract, JsonProperty containerProperty)
   at Newtonsoft.Json.Serialization.JsonSerializerInternalWriter.SerializeValue(JsonWriter writer, Object value, JsonContract valueContract, JsonProperty member, JsonContainerContract containerContract, JsonProperty containerProperty)
   at Newtonsoft.Json.Serialization.JsonSerializerInternalWriter.SerializeObject(JsonWriter writer, Object value, JsonObjectContract contract, JsonProperty member, JsonContainerContract collectionContract, JsonProperty containerProperty)
   at Newtonsoft.Json.Serialization.JsonSerializerInternalWriter.SerializeValue(JsonWriter writer, Object value, JsonContract valueContract, JsonProperty member, JsonContainerContract containerContract, JsonProperty containerProperty)
   at Newtonsoft.Json.Serialization.JsonSerializerInternalWriter.SerializeObject(JsonWriter writer, Object value, JsonObjectContract contract, JsonProperty member, JsonContainerContract collectionContract, JsonProperty containerProperty)
   at Newtonsoft.Json.Serialization.JsonSerializerInternalWriter.SerializeValue(JsonWriter writer, Object value, JsonContract valueContract, JsonProperty member, JsonContainerContract containerContract, JsonProperty containerProperty)
   at Newtonsoft.Json.Serialization.JsonSerializerInternalWriter.Serialize(JsonWriter jsonWriter, Object value, Type objectType)
   at Newtonsoft.Json.JsonSerializer.SerializeInternal(JsonWriter jsonWriter, Object value, Type objectType)
   at Newtonsoft.Json.JsonSerializer.Serialize(JsonWriter jsonWriter, Object value)
   at Newtonsoft.Json.JsonSerializer.Serialize(TextWriter textWriter, Object value)
   at TechTalk.SpecRun.Framework.Services.JsonNetSerializer.Serialize[T](T value, FSharpOption`1 target)
2020-09-01T09:31:58.5925545-03:00;Thread#12;Error;Failed writing reporting data to file "C:\Users\euclides.okamoto\AppData\Local\Temp\tmp96E8.tmp".
2020-09-01T09:31:58.6017022-03:00;Thread#12;Info;Failed generating reports
2020-09-01T09:31:58.6116954-03:00:Total: 1
2020-09-01T09:31:58.6136807-03:00:Succeeded: 0
2020-09-01T09:31:58.6140019-03:00:Ignored: 0
2020-09-01T09:31:58.6142846-03:00:Pending: 0
2020-09-01T09:31:58.6142933-03:00:Skipped: 1
2020-09-01T09:31:58.6145632-03:00:Failed: 0
2020-09-01T09:31:58.6157656-03:00;VSTestExecutionThread;Info;Adding attachments to VSTest
========== End of log file ==========
