2020-09-01T11:00:17.7937167-03:00;VSTestExecutionThread;Info;SpecFlow+Runner execution started
2020-09-01T11:00:17.7939129-03:00;VSTestExecutionThread;Info;SpecFlow+Runner 3.3.41 in Framework netcore31 in x64 mode execution started
2020-09-01T11:00:17.7939204-03:00;VSTestExecutionThread;Info;TestAdapter Location: D:\prj\dimas\api-test\bin\Debug\netcoreapp3.1\TechTalk.SpecRun.VisualStudio.TestAdapter.dll
2020-09-01T11:00:17.7958384-03:00;VSTestExecutionThread;Info;Current UserName: 'euclides.okamoto', MachineName: 'TI0637'
2020-09-01T11:00:17.8342058-03:00;VSTestExecutionThread;Info;SpecRun: running tests in D:\prj\dimas\api-test\bin\Debug\netcoreapp3.1\api-test.dll
2020-09-01T11:00:17.8346472-03:00;VSTestExecutionThread;Info;Output folder configured to "D:\prj\dimas\TestResults" (default)
2020-09-01T11:00:17.8358465-03:00;VSTestExecutionThread;Info;Profile: 
2020-09-01T11:00:17.9000904-03:00;VSTestExecutionThread;Info;Log file path: D:\prj\dimas\TestResults\Unnamed project__2020-09-01T110017.log
2020-09-01T11:00:17.9076156-03:00;Thread#12;Info;Checking activation
2020-09-01T11:00:18.0435232-03:00;Thread#12;Info;Activated.
2020-09-01T11:00:18.0438784-03:00;Thread#12;Info;Activation check completed
2020-09-01T11:00:18.0439837-03:00;Thread#12;Info;Starting test run
2020-09-01T11:00:18.2012273-03:00;Thread#12;Info;Discovering target: Default
2020-09-01T11:00:18.2017073-03:00;Thread#12;Info;Discovering tests from assembly: D:\prj\dimas\api-test\bin\Debug\netcoreapp3.1\api-test.dll
2020-09-01T11:00:18.3783639-03:00;Thread#12;Info;Discovered tests from assembly: D:\prj\dimas\api-test\bin\Debug\netcoreapp3.1\api-test.dll
2020-09-01T11:00:18.3804339-03:00:Test Suite Dump
2020-09-01T11:00:18.3832196-03:00:#0: Unnamed project/ - 
2020-09-01T11:00:18.3832552-03:00:#1: Default - 
2020-09-01T11:00:18.3832589-03:00:#2: api-test - 
2020-09-01T11:00:18.3832612-03:00:#3: Autenticação de Usuário - 
2020-09-01T11:00:18.3854020-03:00:#5: Autentica Usuário correto e Senha incorreta - TestAssembly:api-test/Feature:Autentica%c3%a7%c3%a3o+de+Usu%c3%a1rio/Scenario:Autentica+Usu%c3%a1rio+correto+e+Senha+incorreta
2020-09-01T11:00:18.3855814-03:00:End: Test Suite Dump
2020-09-01T11:00:18.4135902-03:00:Thread#0:Scheduler: get next test for thread 0
2020-09-01T11:00:18.4158999-03:00:Thread#:Scheduler: testitem #5 from normal test queue 
2020-09-01T11:00:18.4159891-03:00:Thread#0:Scheduler: considering testitem #5 for thread 0
2020-09-01T11:00:18.4202979-03:00:Thread#0:TestItem#5:testItemMatchesCurrentTestThread:UnSpecific
2020-09-01T11:00:18.4203209-03:00:Thread#0:TestItem#5:runsOnOneOtherThreadSpecific:False
2020-09-01T11:00:18.4203233-03:00:Thread#0:TestItem#5:runsOnOneOtherThreadUnspecific:False
2020-09-01T11:00:18.4203274-03:00:Thread#0:Scheduler: using testitem #5 for thread 0
2020-09-01T11:00:18.4212461-03:00:Thread#0:Scheduler: Test #5 is scheduled for thread
2020-09-01T11:00:18.4230658-03:00:Thread#0:Scheduler: with testItemExecutionIndex 0
2020-09-01T11:00:18.4258850-03:00:Thread #0: creating new test thread executor for api-test, Version=1.0.0.0, Culture=neutral, PublicKeyToken=null (target: Default)
2020-09-01T11:00:18.4289275-03:00:Thread #0: Creating test assembly executor for execution model OutProc
2020-09-01T11:00:18.4291620-03:00:Thread #0: Creating test assembly executor for execution model OutProc
2020-09-01T11:00:18.4315461-03:00:Thread #0: using TechTalk.SpecRun.Framework.Execution.OutOfProc.StreamJsonRPC.OutOfProcessTestAssemblyExecutorHost to execute tests
2020-09-01T11:00:18.4338056-03:00:starting Out Of Process Executor
2020-09-01T11:00:18.4361990-03:00:Assembly resolving Microsoft.VisualStudio.Validation, Version=15.3.0.0, Culture=neutral, PublicKeyToken=b03f5f7f11d50a3a
2020-09-01T11:00:18.4409160-03:00:[AssemblyCache] Trying to resolve 'Microsoft.VisualStudio.Validation' from .deps.json file
2020-09-01T11:00:18.4409453-03:00:[AssemblyCache] Could not resolve 'Microsoft.VisualStudio.Validation' from .deps.json
2020-09-01T11:00:18.4427660-03:00:[AssemblyCache] Trying to resolve 'Microsoft.VisualStudio.Validation' in folder 'D:\prj\dimas\api-test\bin\Debug\netcoreapp3.1'
2020-09-01T11:00:18.4432581-03:00:[AssemblyCache] Trying to resolve 'Microsoft.VisualStudio.Validation' to 'D:\prj\dimas\api-test\bin\Debug\netcoreapp3.1\Microsoft.VisualStudio.Validation.dll'
2020-09-01T11:00:18.4433670-03:00:[AssemblyCache] Trying to resolve 'Microsoft.VisualStudio.Validation' to 'D:\prj\dimas\api-test\bin\Debug\netcoreapp3.1\Microsoft.VisualStudio.Validation.exe'
2020-09-01T11:00:18.4434054-03:00:[AssemblyCache] Could not resolve 'Microsoft.VisualStudio.Validation' in folder 'D:\prj\dimas\api-test\bin\Debug\netcoreapp3.1'
2020-09-01T11:00:18.4572907-03:00:[AssemblyCache] Trying to resolve 'Microsoft.VisualStudio.Validation' in folder 'C:\Program Files\dotnet\shared\Microsoft.AspNetCore.App\3.1.5'
2020-09-01T11:00:18.4573115-03:00:[AssemblyCache] Trying to resolve 'Microsoft.VisualStudio.Validation' to 'C:\Program Files\dotnet\shared\Microsoft.AspNetCore.App\3.1.5\Microsoft.VisualStudio.Validation.dll'
2020-09-01T11:00:18.4573946-03:00:[AssemblyCache] Trying to resolve 'Microsoft.VisualStudio.Validation' to 'C:\Program Files\dotnet\shared\Microsoft.AspNetCore.App\3.1.5\Microsoft.VisualStudio.Validation.exe'
2020-09-01T11:00:18.4574442-03:00:[AssemblyCache] Could not resolve 'Microsoft.VisualStudio.Validation' in folder 'C:\Program Files\dotnet\shared\Microsoft.AspNetCore.App\3.1.5'
2020-09-01T11:00:18.4576973-03:00:[AssemblyCache] Trying to resolve 'Microsoft.VisualStudio.Validation' in folder 'C:\Program Files\dotnet\shared\Microsoft.NETCore.App\3.1.5'
2020-09-01T11:00:18.4577069-03:00:[AssemblyCache] Trying to resolve 'Microsoft.VisualStudio.Validation' to 'C:\Program Files\dotnet\shared\Microsoft.NETCore.App\3.1.5\Microsoft.VisualStudio.Validation.dll'
2020-09-01T11:00:18.4577632-03:00:[AssemblyCache] Trying to resolve 'Microsoft.VisualStudio.Validation' to 'C:\Program Files\dotnet\shared\Microsoft.NETCore.App\3.1.5\Microsoft.VisualStudio.Validation.exe'
2020-09-01T11:00:18.4578098-03:00:[AssemblyCache] Could not resolve 'Microsoft.VisualStudio.Validation' in folder 'C:\Program Files\dotnet\shared\Microsoft.NETCore.App\3.1.5'
2020-09-01T11:00:18.4580849-03:00:[AssemblyCache] Trying to resolve 'Microsoft.VisualStudio.Validation' in folder 'C:\Program Files\dotnet\shared\Microsoft.WindowsDesktop.App\3.1.5'
2020-09-01T11:00:18.4580994-03:00:[AssemblyCache] Trying to resolve 'Microsoft.VisualStudio.Validation' to 'C:\Program Files\dotnet\shared\Microsoft.WindowsDesktop.App\3.1.5\Microsoft.VisualStudio.Validation.dll'
2020-09-01T11:00:18.4581961-03:00:[AssemblyCache] Trying to resolve 'Microsoft.VisualStudio.Validation' to 'C:\Program Files\dotnet\shared\Microsoft.WindowsDesktop.App\3.1.5\Microsoft.VisualStudio.Validation.exe'
2020-09-01T11:00:18.4582852-03:00:[AssemblyCache] Could not resolve 'Microsoft.VisualStudio.Validation' in folder 'C:\Program Files\dotnet\shared\Microsoft.WindowsDesktop.App\3.1.5'
2020-09-01T11:00:18.4612174-03:00:Starting callback TCP Rpc server
2020-09-01T11:00:18.4838754-03:00:Asynchronously starting background TCP Rpc Server on port 32768
2020-09-01T11:00:18.4839741-03:00:Started callback TCP Rpc server on port 32768
2020-09-01T11:00:18.4839834-03:00:Starting logger TCP Rpc server
2020-09-01T11:00:18.4878422-03:00:Asynchronously starting background TCP Rpc Server on port 32769
2020-09-01T11:00:18.4878756-03:00:Started logger TCP Rpc server on port 32769
2020-09-01T11:00:18.5952612-03:00:Executing test executor at 'dotnet' 'exec "D:\prj\dimas\api-test\bin\Debug\netcoreapp3.1\SpecFlowPlusRunner\netcoreapp3.1\TechTalk.SpecRun.Framework.Executor.anycpu.netcoreapp3_1.dll" --remoteRunnerPid 4056 --uniqueId "2020-09-01T110017" --outputFolder "D:\prj\dimas\TestResults" --callbackPort 32768 --loggerPort 32769' in 'D:\prj\dimas\api-test\bin\Debug\netcoreapp3.1'
2020-09-01T11:00:18.6079079-03:00:Executor with PID 24460 has been started successfully.
2020-09-01T11:00:18.6118030-03:00:Out of Process Executor 24460 started
2020-09-01T11:00:18.6118253-03:00:Waiting for endpoint
2020-09-01T11:00:18.9768195-03:00:Assembly resolving StreamJsonRpc.resources, Version=1.4.0.0, Culture=pt-BR, PublicKeyToken=b03f5f7f11d50a3a
2020-09-01T11:00:18.9768886-03:00:[AssemblyCache] Trying to resolve 'StreamJsonRpc.resources' from .deps.json file
2020-09-01T11:00:18.9768923-03:00:[AssemblyCache] Could not resolve 'StreamJsonRpc.resources' from .deps.json
2020-09-01T11:00:18.9768990-03:00:[AssemblyCache] Trying to resolve 'StreamJsonRpc.resources' in folder 'D:\prj\dimas\api-test\bin\Debug\netcoreapp3.1'
2020-09-01T11:00:18.9769005-03:00:[AssemblyCache] Trying to resolve 'StreamJsonRpc.resources' to 'D:\prj\dimas\api-test\bin\Debug\netcoreapp3.1\StreamJsonRpc.resources.dll'
2020-09-01T11:00:18.9769268-03:00:[AssemblyCache] Trying to resolve 'StreamJsonRpc.resources' to 'D:\prj\dimas\api-test\bin\Debug\netcoreapp3.1\StreamJsonRpc.resources.exe'
2020-09-01T11:00:18.9769474-03:00:[AssemblyCache] Could not resolve 'StreamJsonRpc.resources' in folder 'D:\prj\dimas\api-test\bin\Debug\netcoreapp3.1'
2020-09-01T11:00:18.9778833-03:00:[AssemblyCache] Trying to resolve 'StreamJsonRpc.resources' in folder 'C:\Program Files\dotnet\shared\Microsoft.AspNetCore.App\3.1.5'
2020-09-01T11:00:18.9778939-03:00:[AssemblyCache] Trying to resolve 'StreamJsonRpc.resources' to 'C:\Program Files\dotnet\shared\Microsoft.AspNetCore.App\3.1.5\StreamJsonRpc.resources.dll'
2020-09-01T11:00:18.9779451-03:00:[AssemblyCache] Trying to resolve 'StreamJsonRpc.resources' to 'C:\Program Files\dotnet\shared\Microsoft.AspNetCore.App\3.1.5\StreamJsonRpc.resources.exe'
2020-09-01T11:00:18.9779846-03:00:[AssemblyCache] Could not resolve 'StreamJsonRpc.resources' in folder 'C:\Program Files\dotnet\shared\Microsoft.AspNetCore.App\3.1.5'
2020-09-01T11:00:18.9781522-03:00:[AssemblyCache] Trying to resolve 'StreamJsonRpc.resources' in folder 'C:\Program Files\dotnet\shared\Microsoft.NETCore.App\3.1.5'
2020-09-01T11:00:18.9781599-03:00:[AssemblyCache] Trying to resolve 'StreamJsonRpc.resources' to 'C:\Program Files\dotnet\shared\Microsoft.NETCore.App\3.1.5\StreamJsonRpc.resources.dll'
2020-09-01T11:00:18.9782049-03:00:[AssemblyCache] Trying to resolve 'StreamJsonRpc.resources' to 'C:\Program Files\dotnet\shared\Microsoft.NETCore.App\3.1.5\StreamJsonRpc.resources.exe'
2020-09-01T11:00:18.9782422-03:00:[AssemblyCache] Could not resolve 'StreamJsonRpc.resources' in folder 'C:\Program Files\dotnet\shared\Microsoft.NETCore.App\3.1.5'
2020-09-01T11:00:18.9784264-03:00:[AssemblyCache] Trying to resolve 'StreamJsonRpc.resources' in folder 'C:\Program Files\dotnet\shared\Microsoft.WindowsDesktop.App\3.1.5'
2020-09-01T11:00:18.9784340-03:00:[AssemblyCache] Trying to resolve 'StreamJsonRpc.resources' to 'C:\Program Files\dotnet\shared\Microsoft.WindowsDesktop.App\3.1.5\StreamJsonRpc.resources.dll'
2020-09-01T11:00:18.9784870-03:00:[AssemblyCache] Trying to resolve 'StreamJsonRpc.resources' to 'C:\Program Files\dotnet\shared\Microsoft.WindowsDesktop.App\3.1.5\StreamJsonRpc.resources.exe'
2020-09-01T11:00:18.9785245-03:00:[AssemblyCache] Could not resolve 'StreamJsonRpc.resources' in folder 'C:\Program Files\dotnet\shared\Microsoft.WindowsDesktop.App\3.1.5'
2020-09-01T11:00:18.9791419-03:00:Assembly resolving StreamJsonRpc.resources, Version=1.4.0.0, Culture=pt, PublicKeyToken=b03f5f7f11d50a3a
2020-09-01T11:00:18.9798081-03:00:Assembly resolving Microsoft.VisualStudio.Threading, Version=15.3.0.0, Culture=neutral, PublicKeyToken=b03f5f7f11d50a3a
2020-09-01T11:00:18.9798182-03:00:[AssemblyCache] Trying to resolve 'Microsoft.VisualStudio.Threading' from .deps.json file
2020-09-01T11:00:18.9798203-03:00:[AssemblyCache] Could not resolve 'Microsoft.VisualStudio.Threading' from .deps.json
2020-09-01T11:00:18.9798230-03:00:[AssemblyCache] Trying to resolve 'Microsoft.VisualStudio.Threading' in folder 'D:\prj\dimas\api-test\bin\Debug\netcoreapp3.1'
2020-09-01T11:00:18.9798281-03:00:[AssemblyCache] Trying to resolve 'Microsoft.VisualStudio.Threading' to 'D:\prj\dimas\api-test\bin\Debug\netcoreapp3.1\Microsoft.VisualStudio.Threading.dll'
2020-09-01T11:00:18.9798456-03:00:[AssemblyCache] Trying to resolve 'Microsoft.VisualStudio.Threading' to 'D:\prj\dimas\api-test\bin\Debug\netcoreapp3.1\Microsoft.VisualStudio.Threading.exe'
2020-09-01T11:00:18.9798605-03:00:[AssemblyCache] Could not resolve 'Microsoft.VisualStudio.Threading' in folder 'D:\prj\dimas\api-test\bin\Debug\netcoreapp3.1'
2020-09-01T11:00:18.9804751-03:00:[AssemblyCache] Trying to resolve 'Microsoft.VisualStudio.Threading' in folder 'C:\Program Files\dotnet\shared\Microsoft.AspNetCore.App\3.1.5'
2020-09-01T11:00:18.9804861-03:00:[AssemblyCache] Trying to resolve 'Microsoft.VisualStudio.Threading' to 'C:\Program Files\dotnet\shared\Microsoft.AspNetCore.App\3.1.5\Microsoft.VisualStudio.Threading.dll'
2020-09-01T11:00:18.9805344-03:00:[AssemblyCache] Trying to resolve 'Microsoft.VisualStudio.Threading' to 'C:\Program Files\dotnet\shared\Microsoft.AspNetCore.App\3.1.5\Microsoft.VisualStudio.Threading.exe'
2020-09-01T11:00:18.9805731-03:00:[AssemblyCache] Could not resolve 'Microsoft.VisualStudio.Threading' in folder 'C:\Program Files\dotnet\shared\Microsoft.AspNetCore.App\3.1.5'
2020-09-01T11:00:18.9807459-03:00:[AssemblyCache] Trying to resolve 'Microsoft.VisualStudio.Threading' in folder 'C:\Program Files\dotnet\shared\Microsoft.NETCore.App\3.1.5'
2020-09-01T11:00:18.9807537-03:00:[AssemblyCache] Trying to resolve 'Microsoft.VisualStudio.Threading' to 'C:\Program Files\dotnet\shared\Microsoft.NETCore.App\3.1.5\Microsoft.VisualStudio.Threading.dll'
2020-09-01T11:00:18.9807970-03:00:[AssemblyCache] Trying to resolve 'Microsoft.VisualStudio.Threading' to 'C:\Program Files\dotnet\shared\Microsoft.NETCore.App\3.1.5\Microsoft.VisualStudio.Threading.exe'
2020-09-01T11:00:18.9808345-03:00:[AssemblyCache] Could not resolve 'Microsoft.VisualStudio.Threading' in folder 'C:\Program Files\dotnet\shared\Microsoft.NETCore.App\3.1.5'
2020-09-01T11:00:18.9810108-03:00:[AssemblyCache] Trying to resolve 'Microsoft.VisualStudio.Threading' in folder 'C:\Program Files\dotnet\shared\Microsoft.WindowsDesktop.App\3.1.5'
2020-09-01T11:00:18.9810187-03:00:[AssemblyCache] Trying to resolve 'Microsoft.VisualStudio.Threading' to 'C:\Program Files\dotnet\shared\Microsoft.WindowsDesktop.App\3.1.5\Microsoft.VisualStudio.Threading.dll'
2020-09-01T11:00:18.9810688-03:00:[AssemblyCache] Trying to resolve 'Microsoft.VisualStudio.Threading' to 'C:\Program Files\dotnet\shared\Microsoft.WindowsDesktop.App\3.1.5\Microsoft.VisualStudio.Threading.exe'
2020-09-01T11:00:18.9811212-03:00:[AssemblyCache] Could not resolve 'Microsoft.VisualStudio.Threading' in folder 'C:\Program Files\dotnet\shared\Microsoft.WindowsDesktop.App\3.1.5'
2020-09-01T11:00:19.2456050-03:00:Remote executor port received: 32770
2020-09-01T11:00:19.2459277-03:00:Creating executor TCP client on port 32770
2020-09-01T11:00:19.2463098-03:00:Created executor TCP client on port 32770
2020-09-01T11:00:19.2463176-03:00:Connecting to remote executor TCP server
2020-09-01T11:00:19.2471452-03:00:Connected remote executor TCP server
2020-09-01T11:00:19.2473088-03:00:trying to connect to Out of Process Executor the 1 attempt
2020-09-01T11:00:19.2473191-03:00:Connection to Out of Process Executor established in the 1 attempt
2020-09-01T11:00:19.4042222-03:00:2020-09-01T11:00:19.4004359-03:00:OutOfProcessTestAssemblyExecutor: initialized for D:\prj\dimas\api-test\bin\Debug\netcoreapp3.1\api-test.dll on test thread #0
2020-09-01T11:00:19.4098019-03:00:Endpoint 24460 started
2020-09-01T11:00:19.4298507-03:00:2020-09-01T11:00:19.4294677-03:00:OutOfProcessTestAssemblyExecutor: running tests...
2020-09-01T11:00:19.5636329-03:00:2020-09-01T11:00:19.5632361-03:00:Assembly resolving TechTalk.SpecFlow, Version=3.3.0.0, Culture=neutral, PublicKeyToken=0778194805d6db41
2020-09-01T11:00:19.5665976-03:00:2020-09-01T11:00:19.5661987-03:00:[AssemblyCache] Trying to resolve 'TechTalk.SpecFlow' from .deps.json file
2020-09-01T11:00:19.5717400-03:00:2020-09-01T11:00:19.5713106-03:00:[AssemblyCache] Resolved 'TechTalk.SpecFlow' to 'C:\Users\euclides.okamoto\.nuget\packages\specflow\3.3.30\lib\netstandard2.0\TechTalk.SpecFlow.dll'
2020-09-01T11:00:19.6830835-03:00:2020-09-01T11:00:19.6825521-03:00:Thread#0:T:-> Loading plugin D:\prj\dimas\api-test\bin\Debug\netcoreapp3.1\SpecRun.Runtime.SpecFlowPlugin.dll
2020-09-01T11:00:19.6870554-03:00:2020-09-01T11:00:19.6850147-03:00:Assembly resolving TechTalk.SpecFlow, Version=3.3.0.0, Culture=neutral, PublicKeyToken=0778194805d6db41
2020-09-01T11:00:19.6914572-03:00:2020-09-01T11:00:19.6910509-03:00:Thread#0:T:-> Using default config
2020-09-01T11:00:19.7016077-03:00:2020-09-01T11:00:19.7007998-03:00:Assembly resolving Cucumber.Messages, Version=6.0.1.0, Culture=neutral, PublicKeyToken=b10c5988214f940c
2020-09-01T11:00:19.7044034-03:00:2020-09-01T11:00:19.7035878-03:00:[AssemblyCache] Trying to resolve 'Cucumber.Messages' from .deps.json file
2020-09-01T11:00:19.7054044-03:00:2020-09-01T11:00:19.7050534-03:00:[AssemblyCache] Resolved 'Cucumber.Messages' to 'C:\Users\euclides.okamoto\.nuget\packages\cucumber.messages\6.0.1\lib\netstandard2.0\Cucumber.Messages.dll'
2020-09-01T11:00:19.7066350-03:00:2020-09-01T11:00:19.7063121-03:00:Assembly resolving Google.Protobuf, Version=3.7.0.0, Culture=neutral, PublicKeyToken=a7d26565bac4d604
2020-09-01T11:00:19.7072031-03:00:2020-09-01T11:00:19.7068978-03:00:[AssemblyCache] Trying to resolve 'Google.Protobuf' from .deps.json file
2020-09-01T11:00:19.7078580-03:00:2020-09-01T11:00:19.7075666-03:00:[AssemblyCache] Resolved 'Google.Protobuf' to 'C:\Users\euclides.okamoto\.nuget\packages\google.protobuf\3.7.0\lib\netstandard1.0\Google.Protobuf.dll'
2020-09-01T11:00:19.7160780-03:00:2020-09-01T11:00:19.7156649-03:00:Assembly resolving Microsoft.VisualStudio.TestPlatform.ObjectModel, Version=15.0.0.0, Culture=neutral, PublicKeyToken=b03f5f7f11d50a3a
2020-09-01T11:00:19.7166333-03:00:2020-09-01T11:00:19.7164110-03:00:[AssemblyCache] Trying to resolve 'Microsoft.VisualStudio.TestPlatform.ObjectModel' from .deps.json file
2020-09-01T11:00:19.7175142-03:00:2020-09-01T11:00:19.7172380-03:00:[AssemblyCache] Resolved 'Microsoft.VisualStudio.TestPlatform.ObjectModel' to 'C:\Users\euclides.okamoto\.nuget\packages\microsoft.testplatform.objectmodel\16.5.0\lib\netstandard2.0\Microsoft.VisualStudio.TestPlatform.ObjectModel.dll'
2020-09-01T11:00:19.7360983-03:00:2020-09-01T11:00:19.7341612-03:00:Thread#0:T:-> error: The binding methods for before/after feature and before/after test run events must be static! api-test:Api.Test.Steps.AutenticacaoDeUsuarioSteps.Init()
2020-09-01T11:00:19.7624432-03:00:2020-09-01T11:00:19.7619463-03:00:OutOfProcessTestAssemblyExecutor: RunTest error: TechTalk.SpecFlow.BindingException: The binding methods for before/after feature and before/after test run events must be static! api-test:Api.Test.Steps.AutenticacaoDeUsuarioSteps.Init()
   at TechTalk.SpecFlow.ErrorHandling.ErrorProvider.GetNonStaticEventError(IBindingMethod method) in D:\a\1\s\TechTalk.SpecFlow\ErrorHandling\ErrorProvider.cs:line 128
   at TechTalk.SpecFlow.Bindings.Discovery.RuntimeBindingSourceProcessor.ValidateHook(BindingSourceMethod bindingSourceMethod, BindingSourceAttribute hookAttribute, HookType hookType) in D:\a\1\s\TechTalk.SpecFlow\Bindings\Discovery\RuntimeBindingSourceProcessor.cs:line 54
   at TechTalk.SpecFlow.Bindings.Discovery.BindingSourceProcessor.ProcessHookAttribute(BindingSourceMethod bindingSourceMethod, BindingSourceAttribute hookAttribute, BindingScope scope) in D:\a\1\s\TechTalk.SpecFlow\Bindings\Discovery\BindingSourceProcessor.cs:line 159
   at TechTalk.SpecFlow.Bindings.Discovery.BindingSourceProcessor.<>c__DisplayClass21_0.<ProcessHookAttribute>b__1(BindingScope scope) in D:\a\1\s\TechTalk.SpecFlow\Bindings\Discovery\BindingSourceProcessor.cs:line 140
   at TechTalk.SpecFlow.Bindings.Discovery.BindingSourceProcessor.ProcessHookAttribute(BindingSourceMethod bindingSourceMethod, BindingScope[] methodScopes, BindingSourceAttribute hookAttribute) in D:\a\1\s\TechTalk.SpecFlow\Bindings\Discovery\BindingSourceProcessor.cs:line 141
   at TechTalk.SpecFlow.Bindings.Discovery.BindingSourceProcessor.ProcessHooks(BindingSourceMethod bindingSourceMethod, BindingScope[] methodScopes) in D:\a\1\s\TechTalk.SpecFlow\Bindings\Discovery\BindingSourceProcessor.cs:line 112
   at TechTalk.SpecFlow.Bindings.Discovery.BindingSourceProcessor.ProcessMethod(BindingSourceMethod bindingSourceMethod) in D:\a\1\s\TechTalk.SpecFlow\Bindings\Discovery\BindingSourceProcessor.cs:line 99
   at TechTalk.SpecFlow.Bindings.Discovery.RuntimeBindingRegistryBuilder.BuildBindingsFromType(Type type) in D:\a\1\s\TechTalk.SpecFlow\Bindings\Discovery\RuntimeBindingRegistryBuilder.cs:line 49
   at TechTalk.SpecFlow.Bindings.Discovery.RuntimeBindingRegistryBuilder.BuildBindingsFromAssembly(Assembly assembly) in D:\a\1\s\TechTalk.SpecFlow\Bindings\Discovery\RuntimeBindingRegistryBuilder.cs:line 25
   at TechTalk.SpecFlow.TestRunnerManager.BuildBindingRegistry(IEnumerable`1 bindingAssemblies) in D:\a\1\s\TechTalk.SpecFlow\TestRunnerManager.cs:line 92
   at TechTalk.SpecFlow.TestRunnerManager.InitializeBindingRegistry(ITestRunner testRunner) in D:\a\1\s\TechTalk.SpecFlow\TestRunnerManager.cs:line 75
   at TechTalk.SpecFlow.TestRunnerManager.CreateTestRunner(Int32 threadId) in D:\a\1\s\TechTalk.SpecFlow\TestRunnerManager.cs:line 63
   at TechTalk.SpecFlow.TestRunnerManager.GetTestRunnerWithoutExceptionHandling(Int32 threadId) in D:\a\1\s\TechTalk.SpecFlow\TestRunnerManager.cs:line 155
   at TechTalk.SpecFlow.TestRunnerManager.GetTestRunner(Int32 threadId) in D:\a\1\s\TechTalk.SpecFlow\TestRunnerManager.cs:line 136
   at TechTalk.SpecFlow.TestRunnerManager.OnTestRunStart(Assembly testAssembly, IContainerBuilder containerBuilder) in D:\a\1\s\TechTalk.SpecFlow\TestRunnerManager.cs:line 232
   at Api_Test_SpecFlowPlusRunnerAssemblyHooks.AssemblyInitialize() in D:\prj\dimas\api-test\obj\Debug\netcoreapp3.1\SpecFlow.Plus.Runner.AssemblyHooks.cs:line 8
   at TechTalk.SpecRun.Framework.TaskExecutors.StaticOrInstanceMethodExecutor.ExecuteInternal(ITestThreadExecutionContext testThreadExecutionContext)
   at TechTalk.SpecRun.Framework.TaskExecutors.StaticOrInstanceMethodExecutor.Execute(ITestThreadExecutionContext testThreadExecutionContext)
   at TechTalk.SpecRun.Framework.TestAssemblyExecutor.RunAssemblyInitializeExecutors(ITestAssemblyExecutorsProvider testAssemblyExecutorsProvider, ITestThreadExecutionContext testThreadExecutionContext)
   at TechTalk.SpecRun.Framework.TestAssemblyExecutor.RunTests(ITestAssemblyExecutorState executorState, ITestAssemblyExecutorsProvider testAssemblyExecutorsProvider, ITestThreadExecutionContext testThreadExecutionContext)
   at TechTalk.SpecRun.Framework.TestAssemblyExecutor.RunTests(TestThreadState testThreadState)
   at TechTalk.SpecRun.Framework.Execution.InProcess.InProcAppDomainTestAssemblyExecutor.RunTests(TestThreadState testThreadState)
   at TechTalk.SpecRun.Framework.Execution.OutOfProcess.OutOfProcessTestAssemblyExecutor.RunTests(TestThreadState testThreadState)
2020-09-01T11:00:19.7632291-03:00:2020-09-01T11:00:19.7628618-03:00:OutOfProcessTestAssemblyExecutorReceiver - Error at RunTests - TechTalk.SpecFlow.BindingException: The binding methods for before/after feature and before/after test run events must be static! api-test:Api.Test.Steps.AutenticacaoDeUsuarioSteps.Init()
   at TechTalk.SpecFlow.ErrorHandling.ErrorProvider.GetNonStaticEventError(IBindingMethod method) in D:\a\1\s\TechTalk.SpecFlow\ErrorHandling\ErrorProvider.cs:line 128
   at TechTalk.SpecFlow.Bindings.Discovery.RuntimeBindingSourceProcessor.ValidateHook(BindingSourceMethod bindingSourceMethod, BindingSourceAttribute hookAttribute, HookType hookType) in D:\a\1\s\TechTalk.SpecFlow\Bindings\Discovery\RuntimeBindingSourceProcessor.cs:line 54
   at TechTalk.SpecFlow.Bindings.Discovery.BindingSourceProcessor.ProcessHookAttribute(BindingSourceMethod bindingSourceMethod, BindingSourceAttribute hookAttribute, BindingScope scope) in D:\a\1\s\TechTalk.SpecFlow\Bindings\Discovery\BindingSourceProcessor.cs:line 159
   at TechTalk.SpecFlow.Bindings.Discovery.BindingSourceProcessor.<>c__DisplayClass21_0.<ProcessHookAttribute>b__1(BindingScope scope) in D:\a\1\s\TechTalk.SpecFlow\Bindings\Discovery\BindingSourceProcessor.cs:line 140
   at TechTalk.SpecFlow.Bindings.Discovery.BindingSourceProcessor.ProcessHookAttribute(BindingSourceMethod bindingSourceMethod, BindingScope[] methodScopes, BindingSourceAttribute hookAttribute) in D:\a\1\s\TechTalk.SpecFlow\Bindings\Discovery\BindingSourceProcessor.cs:line 141
   at TechTalk.SpecFlow.Bindings.Discovery.BindingSourceProcessor.ProcessHooks(BindingSourceMethod bindingSourceMethod, BindingScope[] methodScopes) in D:\a\1\s\TechTalk.SpecFlow\Bindings\Discovery\BindingSourceProcessor.cs:line 112
   at TechTalk.SpecFlow.Bindings.Discovery.BindingSourceProcessor.ProcessMethod(BindingSourceMethod bindingSourceMethod) in D:\a\1\s\TechTalk.SpecFlow\Bindings\Discovery\BindingSourceProcessor.cs:line 99
   at TechTalk.SpecFlow.Bindings.Discovery.RuntimeBindingRegistryBuilder.BuildBindingsFromType(Type type) in D:\a\1\s\TechTalk.SpecFlow\Bindings\Discovery\RuntimeBindingRegistryBuilder.cs:line 49
   at TechTalk.SpecFlow.Bindings.Discovery.RuntimeBindingRegistryBuilder.BuildBindingsFromAssembly(Assembly assembly) in D:\a\1\s\TechTalk.SpecFlow\Bindings\Discovery\RuntimeBindingRegistryBuilder.cs:line 25
   at TechTalk.SpecFlow.TestRunnerManager.BuildBindingRegistry(IEnumerable`1 bindingAssemblies) in D:\a\1\s\TechTalk.SpecFlow\TestRunnerManager.cs:line 92
   at TechTalk.SpecFlow.TestRunnerManager.InitializeBindingRegistry(ITestRunner testRunner) in D:\a\1\s\TechTalk.SpecFlow\TestRunnerManager.cs:line 75
   at TechTalk.SpecFlow.TestRunnerManager.CreateTestRunner(Int32 threadId) in D:\a\1\s\TechTalk.SpecFlow\TestRunnerManager.cs:line 63
   at TechTalk.SpecFlow.TestRunnerManager.GetTestRunnerWithoutExceptionHandling(Int32 threadId) in D:\a\1\s\TechTalk.SpecFlow\TestRunnerManager.cs:line 155
   at TechTalk.SpecFlow.TestRunnerManager.GetTestRunner(Int32 threadId) in D:\a\1\s\TechTalk.SpecFlow\TestRunnerManager.cs:line 136
   at TechTalk.SpecFlow.TestRunnerManager.OnTestRunStart(Assembly testAssembly, IContainerBuilder containerBuilder) in D:\a\1\s\TechTalk.SpecFlow\TestRunnerManager.cs:line 232
   at Api_Test_SpecFlowPlusRunnerAssemblyHooks.AssemblyInitialize() in D:\prj\dimas\api-test\obj\Debug\netcoreapp3.1\SpecFlow.Plus.Runner.AssemblyHooks.cs:line 8
   at TechTalk.SpecRun.Framework.TaskExecutors.StaticOrInstanceMethodExecutor.ExecuteInternal(ITestThreadExecutionContext testThreadExecutionContext)
   at TechTalk.SpecRun.Framework.TaskExecutors.StaticOrInstanceMethodExecutor.Execute(ITestThreadExecutionContext testThreadExecutionContext)
   at TechTalk.SpecRun.Framework.TestAssemblyExecutor.RunAssemblyInitializeExecutors(ITestAssemblyExecutorsProvider testAssemblyExecutorsProvider, ITestThreadExecutionContext testThreadExecutionContext)
   at TechTalk.SpecRun.Framework.TestAssemblyExecutor.RunTests(ITestAssemblyExecutorState executorState, ITestAssemblyExecutorsProvider testAssemblyExecutorsProvider, ITestThreadExecutionContext testThreadExecutionContext)
   at TechTalk.SpecRun.Framework.TestAssemblyExecutor.RunTests(TestThreadState testThreadState)
   at TechTalk.SpecRun.Framework.Execution.InProcess.InProcAppDomainTestAssemblyExecutor.RunTests(TestThreadState testThreadState)
   at TechTalk.SpecRun.Framework.Execution.OutOfProcess.OutOfProcessTestAssemblyExecutor.RunTests(TestThreadState testThreadState)
   at TechTalk.SpecRun.Framework.Execution.OutOfProcess.OutOfProcessTestAssemblyExecutorReceiver.RunTests(TestThreadState testThreadState)
2020-09-01T11:00:19.7903721-03:00:test thread #0 error: StreamJsonRpc.RemoteInvocationException: The binding methods for before/after feature and before/after test run events must be static! api-test:Api.Test.Steps.AutenticacaoDeUsuarioSteps.Init()
   at StreamJsonRpc.JsonRpc.InvokeCoreAsync[TResult](Nullable`1 id, String targetName, IReadOnlyList`1 arguments, CancellationToken cancellationToken, Boolean isParameterObject)
   at TechTalk.SpecFlow.Plus.RPC.TcpRpcClient.Invoke[T](String methodName, Object[] parameters)
   at TechTalk.SpecFlow.Plus.RPC.AsyncHelper.RunSync[TResult](Func`1 func)
   at TechTalk.SpecRun.Framework.Execution.OutOfProc.StreamJsonRPC.OutOfProcessTestAssemblyExecutorClient.RunTests(TestThreadState testThreadState)
   at TechTalk.SpecRun.Framework.Execution.OutOfProc.StreamJsonRPC.RemoteExecutor.RunTests(TestThreadState testThreadState)
   at TechTalk.SpecRun.Framework.Execution.OutOfProc.StreamJsonRPC.OutOfProcessTestAssemblyExecutorHost.RunTests(TestThreadState testThreadState)
   at TechTalk.SpecRun.Framework.TestThread.RunNonEmptyTestSuite(CancellationToken cancellationToken, TestThreadState testThreadState)
   at TechTalk.SpecRun.Framework.TestThread.Run(ITestExecutionManager executionManagerForRun, CancellationToken cancellationToken)
   at TechTalk.SpecRun.Framework.AsyncTestThreadRunner.RunSync(TestExecutionManager executionManager, CancellationToken cancellationToken)
2020-09-01T11:00:19.7914492-03:00:test thread error: TechTalk.SpecRun.Framework.SpecRunException: At least one test thread aborted.
 ---> StreamJsonRpc.RemoteInvocationException: The binding methods for before/after feature and before/after test run events must be static! api-test:Api.Test.Steps.AutenticacaoDeUsuarioSteps.Init()
   at StreamJsonRpc.JsonRpc.InvokeCoreAsync[TResult](Nullable`1 id, String targetName, IReadOnlyList`1 arguments, CancellationToken cancellationToken, Boolean isParameterObject)
   at TechTalk.SpecFlow.Plus.RPC.TcpRpcClient.Invoke[T](String methodName, Object[] parameters)
   at TechTalk.SpecFlow.Plus.RPC.AsyncHelper.RunSync[TResult](Func`1 func)
   at TechTalk.SpecRun.Framework.Execution.OutOfProc.StreamJsonRPC.OutOfProcessTestAssemblyExecutorClient.RunTests(TestThreadState testThreadState)
   at TechTalk.SpecRun.Framework.Execution.OutOfProc.StreamJsonRPC.RemoteExecutor.RunTests(TestThreadState testThreadState)
   at TechTalk.SpecRun.Framework.Execution.OutOfProc.StreamJsonRPC.OutOfProcessTestAssemblyExecutorHost.RunTests(TestThreadState testThreadState)
   at TechTalk.SpecRun.Framework.TestThread.RunNonEmptyTestSuite(CancellationToken cancellationToken, TestThreadState testThreadState)
   at TechTalk.SpecRun.Framework.TestThread.Run(ITestExecutionManager executionManagerForRun, CancellationToken cancellationToken)
   at TechTalk.SpecRun.Framework.AsyncTestThreadRunner.RunSync(TestExecutionManager executionManager, CancellationToken cancellationToken)
   --- End of inner exception stack trace ---
2020-09-01T11:00:19.7974277-03:00:Thread#-1: Test #5/0 is started on thread #-1
2020-09-01T11:00:19.7988646-03:00:Thread#-1: Test #5/0 is finished on thread #-1 as Skipped within 0,0005613 seconds
2020-09-01T11:00:19.8014415-03:00:Thread#-1:Scheduler: get next test for thread -1
2020-09-01T11:00:19.8014989-03:00:Thread#:Scheduler: at the end of normal test queue
2020-09-01T11:00:19.8015033-03:00:Thread#-1:Scheduler: enumerator for thread is at end
2020-09-01T11:00:19.8324221-03:00;Thread#12;Info;test run finished
2020-09-01T11:00:19.8325509-03:00;Thread#12;Info;publishing test results
2020-09-01T11:00:19.8327494-03:00;Thread#12;Info;Not publishing results.
2020-09-01T11:00:19.8332774-03:00;Thread#12;Info;test results published
2020-09-01T11:00:19.8334367-03:00;Thread#12;Info;generating reports
2020-09-01T11:00:19.9897669-03:00;Thread#12;Error;Newtonsoft.Json.JsonSerializationException thrown during serialization: Newtonsoft.Json.JsonSerializationException: Self referencing loop detected for property 'ManifestModule' with type 'System.Reflection.RuntimeModule'. Path 'Summary.FrameworkErrorException.InnerException.TargetSite.Module.Assembly'.
   at Newtonsoft.Json.Serialization.JsonSerializerInternalWriter.CheckForCircularReference(JsonWriter writer, Object value, JsonProperty property, JsonContract contract, JsonContainerContract containerContract, JsonProperty containerProperty)
   at Newtonsoft.Json.Serialization.JsonSerializerInternalWriter.CalculatePropertyValues(JsonWriter writer, Object value, JsonContainerContract contract, JsonProperty member, JsonProperty property, JsonContract& memberContract, Object& memberValue)
   at Newtonsoft.Json.Serialization.JsonSerializerInternalWriter.SerializeObject(JsonWriter writer, Object value, JsonObjectContract contract, JsonProperty member, JsonContainerContract collectionContract, JsonProperty containerProperty)
   at Newtonsoft.Json.Serialization.JsonSerializerInternalWriter.SerializeValue(JsonWriter writer, Object value, JsonContract valueContract, JsonProperty member, JsonContainerContract containerContract, JsonProperty containerProperty)
   at Newtonsoft.Json.Serialization.JsonSerializerInternalWriter.SerializeObject(JsonWriter writer, Object value, JsonObjectContract contract, JsonProperty member, JsonContainerContract collectionContract, JsonProperty containerProperty)
   at Newtonsoft.Json.Serialization.JsonSerializerInternalWriter.SerializeValue(JsonWriter writer, Object value, JsonContract valueContract, JsonProperty member, JsonContainerContract containerContract, JsonProperty containerProperty)
   at Newtonsoft.Json.Serialization.JsonSerializerInternalWriter.SerializeObject(JsonWriter writer, Object value, JsonObjectContract contract, JsonProperty member, JsonContainerContract collectionContract, JsonProperty containerProperty)
   at Newtonsoft.Json.Serialization.JsonSerializerInternalWriter.SerializeValue(JsonWriter writer, Object value, JsonContract valueContract, JsonProperty member, JsonContainerContract containerContract, JsonProperty containerProperty)
   at Newtonsoft.Json.Serialization.JsonSerializerInternalWriter.SerializeObject(JsonWriter writer, Object value, JsonObjectContract contract, JsonProperty member, JsonContainerContract collectionContract, JsonProperty containerProperty)
   at Newtonsoft.Json.Serialization.JsonSerializerInternalWriter.SerializeValue(JsonWriter writer, Object value, JsonContract valueContract, JsonProperty member, JsonContainerContract containerContract, JsonProperty containerProperty)
   at Newtonsoft.Json.Serialization.JsonSerializerInternalWriter.SerializeObject(JsonWriter writer, Object value, JsonObjectContract contract, JsonProperty member, JsonContainerContract collectionContract, JsonProperty containerProperty)
   at Newtonsoft.Json.Serialization.JsonSerializerInternalWriter.SerializeValue(JsonWriter writer, Object value, JsonContract valueContract, JsonProperty member, JsonContainerContract containerContract, JsonProperty containerProperty)
   at Newtonsoft.Json.Serialization.JsonSerializerInternalWriter.SerializeObject(JsonWriter writer, Object value, JsonObjectContract contract, JsonProperty member, JsonContainerContract collectionContract, JsonProperty containerProperty)
   at Newtonsoft.Json.Serialization.JsonSerializerInternalWriter.SerializeValue(JsonWriter writer, Object value, JsonContract valueContract, JsonProperty member, JsonContainerContract containerContract, JsonProperty containerProperty)
   at Newtonsoft.Json.Serialization.JsonSerializerInternalWriter.SerializeObject(JsonWriter writer, Object value, JsonObjectContract contract, JsonProperty member, JsonContainerContract collectionContract, JsonProperty containerProperty)
   at Newtonsoft.Json.Serialization.JsonSerializerInternalWriter.SerializeValue(JsonWriter writer, Object value, JsonContract valueContract, JsonProperty member, JsonContainerContract containerContract, JsonProperty containerProperty)
   at Newtonsoft.Json.Serialization.JsonSerializerInternalWriter.Serialize(JsonWriter jsonWriter, Object value, Type objectType)
   at Newtonsoft.Json.JsonSerializer.SerializeInternal(JsonWriter jsonWriter, Object value, Type objectType)
   at Newtonsoft.Json.JsonSerializer.Serialize(JsonWriter jsonWriter, Object value)
   at Newtonsoft.Json.JsonSerializer.Serialize(TextWriter textWriter, Object value)
   at TechTalk.SpecRun.Framework.Services.JsonNetSerializer.Serialize[T](T value, FSharpOption`1 target)
2020-09-01T11:00:19.9900773-03:00;Thread#12;Error;Failed writing reporting data to file "C:\Users\euclides.okamoto\AppData\Local\Temp\tmp7BC4.tmp".
2020-09-01T11:00:19.9972422-03:00;Thread#12;Info;Failed generating reports
2020-09-01T11:00:20.0055657-03:00:Total: 1
2020-09-01T11:00:20.0073292-03:00:Succeeded: 0
2020-09-01T11:00:20.0076083-03:00:Ignored: 0
2020-09-01T11:00:20.0078477-03:00:Pending: 0
2020-09-01T11:00:20.0078550-03:00:Skipped: 1
2020-09-01T11:00:20.0080780-03:00:Failed: 0
2020-09-01T11:00:20.0089423-03:00;VSTestExecutionThread;Info;Adding attachments to VSTest
========== End of log file ==========
